mode: set
github.com/Yogdunana/deploypilot/cmd/deploypilot/app.go:18.47,21.3 1 1
github.com/Yogdunana/deploypilot/cmd/deploypilot/app.go:27.47,32.17 4 0
github.com/Yogdunana/deploypilot/cmd/deploypilot/app.go:32.17,35.4 2 0
github.com/Yogdunana/deploypilot/cmd/deploypilot/app.go:36.3,36.17 1 0
github.com/Yogdunana/deploypilot/cmd/deploypilot/app.go:36.17,39.4 2 0
github.com/Yogdunana/deploypilot/cmd/deploypilot/app.go:41.3,44.42 4 0
github.com/Yogdunana/deploypilot/cmd/deploypilot/app.go:51.47,56.17 4 0
github.com/Yogdunana/deploypilot/cmd/deploypilot/app.go:56.17,59.4 2 0
github.com/Yogdunana/deploypilot/cmd/deploypilot/app.go:61.3,64.36 4 0
github.com/Yogdunana/deploypilot/cmd/deploypilot/app.go:71.47,75.17 3 0
github.com/Yogdunana/deploypilot/cmd/deploypilot/app.go:75.17,78.4 2 0
github.com/Yogdunana/deploypilot/cmd/deploypilot/app.go:80.3,81.42 2 0
github.com/Yogdunana/deploypilot/cmd/deploypilot/app.go:85.13,103.2 14 1
github.com/Yogdunana/deploypilot/cmd/deploypilot/backup.go:18.47,25.3 5 0
github.com/Yogdunana/deploypilot/cmd/deploypilot/backup.go:31.47,35.17 3 0
github.com/Yogdunana/deploypilot/cmd/deploypilot/backup.go:35.17,38.4 2 0
github.com/Yogdunana/deploypilot/cmd/deploypilot/backup.go:40.3,41.48 2 0
github.com/Yogdunana/deploypilot/cmd/deploypilot/backup.go:48.47,50.3 1 0
github.com/Yogdunana/deploypilot/cmd/deploypilot/backup.go:53.13,64.2 8 1
github.com/Yogdunana/deploypilot/cmd/deploypilot/main.go:19.13,22.2 2 1
github.com/Yogdunana/deploypilot/cmd/deploypilot/main.go:24.16,25.42 1 0
github.com/Yogdunana/deploypilot/cmd/deploypilot/main.go:25.42,28.3 2 0
github.com/Yogdunana/deploypilot/cmd/deploypilot/main.go:31.13,33.2 1 0
github.com/Yogdunana/deploypilot/cmd/deploypilot/serve.go:13.47,19.25 5 0
github.com/Yogdunana/deploypilot/cmd/deploypilot/serve.go:19.25,21.4 1 0
github.com/Yogdunana/deploypilot/cmd/deploypilot/serve.go:22.3,22.30 1 0
github.com/Yogdunana/deploypilot/cmd/deploypilot/serve.go:26.13,30.2 3 1
github.com/Yogdunana/deploypilot/cmd/deploypilot/server.go:18.47,20.3 1 0
github.com/Yogdunana/deploypilot/cmd/deploypilot/server.go:26.47,31.17 4 0
github.com/Yogdunana/deploypilot/cmd/deploypilot/server.go:31.17,34.4 2 0
github.com/Yogdunana/deploypilot/cmd/deploypilot/server.go:35.3,35.17 1 0
github.com/Yogdunana/deploypilot/cmd/deploypilot/server.go:35.17,38.4 2 0
github.com/Yogdunana/deploypilot/cmd/deploypilot/server.go:40.3,42.43 3 0
github.com/Yogdunana/deploypilot/cmd/deploypilot/server.go:49.47,52.17 2 0
github.com/Yogdunana/deploypilot/cmd/deploypilot/server.go:52.17,55.4 2 0
github.com/Yogdunana/deploypilot/cmd/deploypilot/server.go:57.3,58.37 2 0
github.com/Yogdunana/deploypilot/cmd/deploypilot/server.go:62.13,74.2 9 1
github.com/Yogdunana/deploypilot/cmd/deploypilot/version.go:12.47,14.3 1 1
github.com/Yogdunana/deploypilot/cmd/deploypilot/version.go:17.13,19.2 1 1
github.com/Yogdunana/deploypilot/cmd/mcp-server/main.go:11.13,14.2 2 0
github.com/Yogdunana/deploypilot/internal/config/config.go:95.47,110.41 8 1
github.com/Yogdunana/deploypilot/internal/config/config.go:110.41,112.3 1 1
github.com/Yogdunana/deploypilot/internal/config/config.go:114.2,115.42 2 1
github.com/Yogdunana/deploypilot/internal/config/config.go:115.42,117.3 1 0
github.com/Yogdunana/deploypilot/internal/config/config.go:119.2,119.18 1 1
github.com/Yogdunana/deploypilot/internal/config/config.go:123.34,174.2 33 1
github.com/Yogdunana/deploypilot/internal/config/manager.go:27.45,34.16 3 1
github.com/Yogdunana/deploypilot/internal/config/manager.go:34.16,37.3 1 0
github.com/Yogdunana/deploypilot/internal/config/manager.go:38.2,44.12 4 1
github.com/Yogdunana/deploypilot/internal/config/manager.go:48.39,52.2 3 1
github.com/Yogdunana/deploypilot/internal/config/manager.go:55.42,57.2 1 1
github.com/Yogdunana/deploypilot/internal/config/manager.go:60.36,64.2 3 1
github.com/Yogdunana/deploypilot/internal/config/manager.go:68.34,70.16 2 1
github.com/Yogdunana/deploypilot/internal/config/manager.go:70.16,72.3 1 1
github.com/Yogdunana/deploypilot/internal/config/manager.go:74.2,83.31 8 1
github.com/Yogdunana/deploypilot/internal/config/manager.go:83.31,85.3 1 1
github.com/Yogdunana/deploypilot/internal/config/manager.go:87.2,87.12 1 1
github.com/Yogdunana/deploypilot/internal/config/manager.go:91.47,95.2 3 1
github.com/Yogdunana/deploypilot/internal/config/manager.go:98.27,101.15 3 1
github.com/Yogdunana/deploypilot/internal/config/manager.go:101.15,104.3 2 1
github.com/Yogdunana/deploypilot/internal/config/manager.go:108.31,115.6 5 1
github.com/Yogdunana/deploypilot/internal/config/manager.go:115.6,116.10 1 1
github.com/Yogdunana/deploypilot/internal/config/manager.go:117.20,118.10 1 1
github.com/Yogdunana/deploypilot/internal/config/manager.go:119.19,121.52 2 0
github.com/Yogdunana/deploypilot/internal/config/manager.go:121.52,123.38 2 0
github.com/Yogdunana/deploypilot/internal/config/manager.go:123.38,125.6 1 0
github.com/Yogdunana/deploypilot/internal/config/manager.go:132.37,134.16 2 1
github.com/Yogdunana/deploypilot/internal/config/manager.go:134.16,136.3 1 1
github.com/Yogdunana/deploypilot/internal/config/manager.go:137.2,140.41 3 0
github.com/Yogdunana/deploypilot/internal/config/manager.go:140.41,142.3 1 0
github.com/Yogdunana/deploypilot/internal/config/manager.go:143.2,143.38 1 0
github.com/Yogdunana/deploypilot/internal/crypto/crypto.go:16.32,18.57 2 1
github.com/Yogdunana/deploypilot/internal/crypto/crypto.go:18.57,19.67 1 0
github.com/Yogdunana/deploypilot/internal/crypto/crypto.go:21.2,21.12 1 1
github.com/Yogdunana/deploypilot/internal/crypto/crypto.go:26.60,28.16 2 1
github.com/Yogdunana/deploypilot/internal/crypto/crypto.go:28.16,30.3 1 1
github.com/Yogdunana/deploypilot/internal/crypto/crypto.go:32.2,33.16 2 1
github.com/Yogdunana/deploypilot/internal/crypto/crypto.go:33.16,35.3 1 0
github.com/Yogdunana/deploypilot/internal/crypto/crypto.go:37.2,38.59 2 1
github.com/Yogdunana/deploypilot/internal/crypto/crypto.go:38.59,40.3 1 0
github.com/Yogdunana/deploypilot/internal/crypto/crypto.go:43.2,45.59 2 1
github.com/Yogdunana/deploypilot/internal/crypto/crypto.go:49.58,51.16 2 1
github.com/Yogdunana/deploypilot/internal/crypto/crypto.go:51.16,53.3 1 0
github.com/Yogdunana/deploypilot/internal/crypto/crypto.go:55.2,56.16 2 1
github.com/Yogdunana/deploypilot/internal/crypto/crypto.go:56.16,58.3 1 0
github.com/Yogdunana/deploypilot/internal/crypto/crypto.go:60.2,61.16 2 1
github.com/Yogdunana/deploypilot/internal/crypto/crypto.go:61.16,63.3 1 0
github.com/Yogdunana/deploypilot/internal/crypto/crypto.go:65.2,66.27 2 1
github.com/Yogdunana/deploypilot/internal/crypto/crypto.go:66.27,68.3 1 1
github.com/Yogdunana/deploypilot/internal/crypto/crypto.go:70.2,72.16 3 1
github.com/Yogdunana/deploypilot/internal/crypto/crypto.go:72.16,74.3 1 1
github.com/Yogdunana/deploypilot/internal/crypto/crypto.go:76.2,76.31 1 1
github.com/Yogdunana/deploypilot/internal/crypto/crypto.go:80.52,82.16 2 1
github.com/Yogdunana/deploypilot/internal/crypto/crypto.go:82.16,84.3 1 0
github.com/Yogdunana/deploypilot/internal/crypto/crypto.go:85.2,85.27 1 1
github.com/Yogdunana/deploypilot/internal/crypto/crypto.go:89.48,92.2 2 1
github.com/Yogdunana/deploypilot/internal/engine/builder/template.go:43.38,250.2 11 1
github.com/Yogdunana/deploypilot/internal/engine/builder/template.go:252.53,254.2 1 1
github.com/Yogdunana/deploypilot/internal/engine/builder/template.go:257.61,259.2 1 1
github.com/Yogdunana/deploypilot/internal/engine/builder/template.go:262.50,264.32 2 1
github.com/Yogdunana/deploypilot/internal/engine/builder/template.go:264.32,266.3 1 1
github.com/Yogdunana/deploypilot/internal/engine/builder/template.go:267.2,267.13 1 1
github.com/Yogdunana/deploypilot/internal/engine/builder/template.go:271.74,273.36 2 1
github.com/Yogdunana/deploypilot/internal/engine/builder/template.go:273.36,275.3 1 1
github.com/Yogdunana/deploypilot/internal/engine/builder/template.go:276.2,276.95 1 1
github.com/Yogdunana/deploypilot/internal/engine/builder/template.go:279.52,281.29 2 1
github.com/Yogdunana/deploypilot/internal/engine/builder/template.go:281.29,283.3 1 1
github.com/Yogdunana/deploypilot/internal/engine/builder/template.go:284.2,284.34 1 1
github.com/Yogdunana/deploypilot/internal/engine/builder/template.go:288.78,290.22 2 1
github.com/Yogdunana/deploypilot/internal/engine/builder/template.go:290.22,292.3 1 1
github.com/Yogdunana/deploypilot/internal/engine/builder/template.go:293.2,293.36 1 1
github.com/Yogdunana/deploypilot/internal/engine/builder/template.go:293.36,295.3 1 0
github.com/Yogdunana/deploypilot/internal/engine/builder/template.go:296.2,296.19 1 1
github.com/Yogdunana/deploypilot/internal/engine/builder/template.go:300.58,301.24 1 1
github.com/Yogdunana/deploypilot/internal/engine/builder/template.go:301.24,303.3 1 0
github.com/Yogdunana/deploypilot/internal/engine/builder/template.go:304.2,304.66 1 1
github.com/Yogdunana/deploypilot/internal/database/database.go:17.52,18.15 1 1
github.com/Yogdunana/deploypilot/internal/database/database.go:18.15,20.3 1 1
github.com/Yogdunana/deploypilot/internal/database/database.go:22.2,25.16 3 1
github.com/Yogdunana/deploypilot/internal/database/database.go:26.16,29.30 2 1
github.com/Yogdunana/deploypilot/internal/database/database.go:29.31,31.4 0 1
github.com/Yogdunana/deploypilot/internal/database/database.go:32.3,34.5 1 1
github.com/Yogdunana/deploypilot/internal/database/database.go:35.18,38.5 1 1
github.com/Yogdunana/deploypilot/internal/database/database.go:39.10,40.68 1 1
github.com/Yogdunana/deploypilot/internal/database/database.go:43.2,43.16 1 1
github.com/Yogdunana/deploypilot/internal/database/database.go:43.16,45.3 1 1
github.com/Yogdunana/deploypilot/internal/database/database.go:48.2,49.16 2 1
github.com/Yogdunana/deploypilot/internal/database/database.go:49.16,51.3 1 0
github.com/Yogdunana/deploypilot/internal/database/database.go:52.2,55.16 3 1
github.com/Yogdunana/deploypilot/internal/database/database.go:60.33,65.37 1 1
github.com/Yogdunana/deploypilot/internal/database/database.go:65.37,76.27 1 1
github.com/Yogdunana/deploypilot/internal/database/database.go:76.27,78.6 1 0
github.com/Yogdunana/deploypilot/internal/database/database.go:81.5,86.27 1 1
github.com/Yogdunana/deploypilot/internal/database/database.go:86.27,88.6 1 0
github.com/Yogdunana/deploypilot/internal/database/database.go:91.5,100.27 1 1
github.com/Yogdunana/deploypilot/internal/database/database.go:100.27,102.6 1 0
github.com/Yogdunana/deploypilot/internal/database/database.go:105.5,113.27 1 1
github.com/Yogdunana/deploypilot/internal/database/database.go:113.27,115.6 1 0
github.com/Yogdunana/deploypilot/internal/database/database.go:118.5,127.27 1 1
github.com/Yogdunana/deploypilot/internal/database/database.go:127.27,129.6 1 0
github.com/Yogdunana/deploypilot/internal/database/database.go:132.5,145.27 1 1
github.com/Yogdunana/deploypilot/internal/database/database.go:145.27,147.6 1 0
github.com/Yogdunana/deploypilot/internal/database/database.go:150.5,167.27 1 1
github.com/Yogdunana/deploypilot/internal/database/database.go:167.27,169.6 1 0
github.com/Yogdunana/deploypilot/internal/database/database.go:171.5,171.15 1 1
github.com/Yogdunana/deploypilot/internal/database/database.go:173.38,178.5 1 0
github.com/Yogdunana/deploypilot/internal/database/database.go:183.2,183.36 1 1
github.com/Yogdunana/deploypilot/internal/database/database.go:183.36,185.3 1 0
github.com/Yogdunana/deploypilot/internal/database/database.go:187.2,187.12 1 1
github.com/Yogdunana/deploypilot/internal/database/database.go:192.30,205.26 2 1
github.com/Yogdunana/deploypilot/internal/database/database.go:205.26,210.26 2 1
github.com/Yogdunana/deploypilot/internal/database/database.go:210.26,212.4 1 0
github.com/Yogdunana/deploypilot/internal/database/database.go:216.2,220.25 2 1
github.com/Yogdunana/deploypilot/internal/database/database.go:220.25,222.3 1 0
github.com/Yogdunana/deploypilot/internal/database/database.go:224.2,224.12 1 1
github.com/Yogdunana/deploypilot/internal/engine/detector/detector.go:74.71,78.2 3 0
github.com/Yogdunana/deploypilot/internal/engine/detector/detector.go:86.42,88.2 1 1
github.com/Yogdunana/deploypilot/internal/engine/detector/detector.go:91.113,101.26 3 1
github.com/Yogdunana/deploypilot/internal/engine/detector/detector.go:101.26,104.3 1 1
github.com/Yogdunana/deploypilot/internal/engine/detector/detector.go:105.2,105.24 1 1
github.com/Yogdunana/deploypilot/internal/engine/detector/detector.go:105.24,107.30 1 1
github.com/Yogdunana/deploypilot/internal/engine/detector/detector.go:107.30,109.4 1 1
github.com/Yogdunana/deploypilot/internal/engine/detector/detector.go:111.2,111.27 1 1
github.com/Yogdunana/deploypilot/internal/engine/detector/detector.go:111.27,115.32 3 1
github.com/Yogdunana/deploypilot/internal/engine/detector/detector.go:115.32,117.22 2 1
github.com/Yogdunana/deploypilot/internal/engine/detector/detector.go:117.22,123.5 5 1
github.com/Yogdunana/deploypilot/internal/engine/detector/detector.go:125.3,125.12 1 1
github.com/Yogdunana/deploypilot/internal/engine/detector/detector.go:128.2,128.15 1 1
github.com/Yogdunana/deploypilot/internal/engine/detector/detector.go:131.39,136.2 1 1
github.com/Yogdunana/deploypilot/internal/engine/detector/detector.go:138.47,143.16 3 1
github.com/Yogdunana/deploypilot/internal/engine/detector/detector.go:143.16,146.3 2 1
github.com/Yogdunana/deploypilot/internal/engine/detector/detector.go:147.2,154.13 5 1
github.com/Yogdunana/deploypilot/internal/engine/detector/detector.go:157.51,164.16 3 1
github.com/Yogdunana/deploypilot/internal/engine/detector/detector.go:164.16,167.3 2 1
github.com/Yogdunana/deploypilot/internal/engine/detector/detector.go:167.8,169.3 1 1
github.com/Yogdunana/deploypilot/internal/engine/detector/detector.go:171.2,171.13 1 1
github.com/Yogdunana/deploypilot/internal/engine/detector/detector.go:174.79,180.41 3 1
github.com/Yogdunana/deploypilot/internal/engine/detector/detector.go:180.41,184.17 4 1
github.com/Yogdunana/deploypilot/internal/engine/detector/detector.go:184.17,187.4 2 1
github.com/Yogdunana/deploypilot/internal/engine/detector/detector.go:187.9,189.4 1 1
github.com/Yogdunana/deploypilot/internal/engine/detector/detector.go:190.3,190.14 1 1
github.com/Yogdunana/deploypilot/internal/engine/detector/detector.go:194.2,195.13 2 0
github.com/Yogdunana/deploypilot/internal/engine/detector/detector.go:199.38,205.21 4 1
github.com/Yogdunana/deploypilot/internal/engine/detector/detector.go:205.21,207.25 2 1
github.com/Yogdunana/deploypilot/internal/engine/detector/detector.go:207.25,209.25 2 1
github.com/Yogdunana/deploypilot/internal/engine/detector/detector.go:209.25,211.5 1 0
github.com/Yogdunana/deploypilot/internal/engine/detector/detector.go:213.3,213.54 1 1
github.com/Yogdunana/deploypilot/internal/engine/detector/detector.go:216.2,216.34 1 1
github.com/Yogdunana/deploypilot/internal/engine/detector/detector.go:216.34,218.16 2 0
github.com/Yogdunana/deploypilot/internal/engine/detector/detector.go:218.16,220.4 1 0
github.com/Yogdunana/deploypilot/internal/engine/detector/detector.go:221.3,221.60 1 0
github.com/Yogdunana/deploypilot/internal/engine/detector/detector.go:224.2,224.36 1 1
github.com/Yogdunana/deploypilot/internal/engine/detector/detector.go:224.36,226.18 2 0
github.com/Yogdunana/deploypilot/internal/engine/detector/detector.go:226.18,228.4 1 0
github.com/Yogdunana/deploypilot/internal/engine/detector/detector.go:229.3,229.63 1 0
github.com/Yogdunana/deploypilot/internal/engine/detector/detector.go:232.2,232.20 1 1
github.com/Yogdunana/deploypilot/internal/mcp/server.go:89.53,133.108 3 1
github.com/Yogdunana/deploypilot/internal/mcp/server.go:133.108,135.3 1 0
github.com/Yogdunana/deploypilot/internal/mcp/server.go:138.2,146.108 2 1
github.com/Yogdunana/deploypilot/internal/mcp/server.go:146.108,148.3 1 0
github.com/Yogdunana/deploypilot/internal/mcp/server.go:151.2,155.110 2 1
github.com/Yogdunana/deploypilot/internal/mcp/server.go:155.110,157.3 1 0
github.com/Yogdunana/deploypilot/internal/mcp/server.go:160.2,164.113 2 1
github.com/Yogdunana/deploypilot/internal/mcp/server.go:164.113,166.3 1 0
github.com/Yogdunana/deploypilot/internal/mcp/server.go:169.2,196.111 2 1
github.com/Yogdunana/deploypilot/internal/mcp/server.go:196.111,198.3 1 0
github.com/Yogdunana/deploypilot/internal/mcp/server.go:201.2,209.111 2 1
github.com/Yogdunana/deploypilot/internal/mcp/server.go:209.111,211.3 1 0
github.com/Yogdunana/deploypilot/internal/mcp/server.go:214.2,226.110 2 1
github.com/Yogdunana/deploypilot/internal/mcp/server.go:226.110,228.3 1 0
github.com/Yogdunana/deploypilot/internal/mcp/server.go:231.2,239.108 2 1
github.com/Yogdunana/deploypilot/internal/mcp/server.go:239.108,241.3 1 0
github.com/Yogdunana/deploypilot/internal/mcp/server.go:244.2,252.109 2 1
github.com/Yogdunana/deploypilot/internal/mcp/server.go:252.109,254.3 1 0
github.com/Yogdunana/deploypilot/internal/mcp/server.go:257.2,268.109 2 1
github.com/Yogdunana/deploypilot/internal/mcp/server.go:268.109,270.3 1 0
github.com/Yogdunana/deploypilot/internal/mcp/server.go:273.2,286.111 2 1
github.com/Yogdunana/deploypilot/internal/mcp/server.go:286.111,288.3 1 0
github.com/Yogdunana/deploypilot/internal/mcp/server.go:291.2,302.113 2 1
github.com/Yogdunana/deploypilot/internal/mcp/server.go:302.113,304.3 1 0
github.com/Yogdunana/deploypilot/internal/mcp/server.go:307.2,314.111 2 1
github.com/Yogdunana/deploypilot/internal/mcp/server.go:314.111,316.3 1 0
github.com/Yogdunana/deploypilot/internal/mcp/server.go:319.2,323.114 2 1
github.com/Yogdunana/deploypilot/internal/mcp/server.go:323.114,325.3 1 0
github.com/Yogdunana/deploypilot/internal/mcp/server.go:328.2,332.112 2 1
github.com/Yogdunana/deploypilot/internal/mcp/server.go:332.112,334.3 1 0
github.com/Yogdunana/deploypilot/internal/mcp/server.go:337.2,344.112 2 1
github.com/Yogdunana/deploypilot/internal/mcp/server.go:344.112,346.3 1 0
github.com/Yogdunana/deploypilot/internal/mcp/server.go:349.2,353.111 2 1
github.com/Yogdunana/deploypilot/internal/mcp/server.go:353.111,355.3 1 0
github.com/Yogdunana/deploypilot/internal/mcp/server.go:358.2,362.112 2 1
github.com/Yogdunana/deploypilot/internal/mcp/server.go:362.112,364.3 1 0
github.com/Yogdunana/deploypilot/internal/mcp/server.go:367.2,374.111 2 1
github.com/Yogdunana/deploypilot/internal/mcp/server.go:374.111,376.3 1 0
github.com/Yogdunana/deploypilot/internal/mcp/server.go:379.2,383.111 2 1
github.com/Yogdunana/deploypilot/internal/mcp/server.go:383.111,385.3 1 0
github.com/Yogdunana/deploypilot/internal/mcp/server.go:388.2,392.109 2 1
github.com/Yogdunana/deploypilot/internal/mcp/server.go:392.109,394.3 1 0
github.com/Yogdunana/deploypilot/internal/mcp/server.go:397.2,405.112 2 1
github.com/Yogdunana/deploypilot/internal/mcp/server.go:405.112,407.3 1 0
github.com/Yogdunana/deploypilot/internal/mcp/server.go:410.2,413.110 2 1
github.com/Yogdunana/deploypilot/internal/mcp/server.go:413.110,415.3 1 0
github.com/Yogdunana/deploypilot/internal/mcp/server.go:418.2,422.109 2 1
github.com/Yogdunana/deploypilot/internal/mcp/server.go:422.109,424.3 1 0
github.com/Yogdunana/deploypilot/internal/mcp/server.go:426.2,426.10 1 1
github.com/Yogdunana/deploypilot/internal/mcp/server.go:429.120,431.16 2 1
github.com/Yogdunana/deploypilot/internal/mcp/server.go:431.16,433.3 1 1
github.com/Yogdunana/deploypilot/internal/mcp/server.go:435.2,436.16 2 1
github.com/Yogdunana/deploypilot/internal/mcp/server.go:436.16,438.3 1 1
github.com/Yogdunana/deploypilot/internal/mcp/server.go:440.2,445.50 2 1
github.com/Yogdunana/deploypilot/internal/mcp/server.go:445.50,447.3 1 1
github.com/Yogdunana/deploypilot/internal/mcp/server.go:448.2,448.59 1 1
github.com/Yogdunana/deploypilot/internal/mcp/server.go:448.59,450.3 1 0
github.com/Yogdunana/deploypilot/internal/mcp/server.go:451.2,451.52 1 1
github.com/Yogdunana/deploypilot/internal/mcp/server.go:451.52,453.3 1 0
github.com/Yogdunana/deploypilot/internal/mcp/server.go:454.2,454.52 1 1
github.com/Yogdunana/deploypilot/internal/mcp/server.go:454.52,456.3 1 0
github.com/Yogdunana/deploypilot/internal/mcp/server.go:457.2,457.48 1 1
github.com/Yogdunana/deploypilot/internal/mcp/server.go:457.48,459.3 1 0
github.com/Yogdunana/deploypilot/internal/mcp/server.go:460.2,460.51 1 1
github.com/Yogdunana/deploypilot/internal/mcp/server.go:460.51,462.3 1 0
github.com/Yogdunana/deploypilot/internal/mcp/server.go:465.2,465.63 1 1
github.com/Yogdunana/deploypilot/internal/mcp/server.go:465.63,467.66 2 1
github.com/Yogdunana/deploypilot/internal/mcp/server.go:467.66,469.4 1 1
github.com/Yogdunana/deploypilot/internal/mcp/server.go:470.3,470.24 1 1
github.com/Yogdunana/deploypilot/internal/mcp/server.go:474.2,474.67 1 1
github.com/Yogdunana/deploypilot/internal/mcp/server.go:474.67,476.68 2 1
github.com/Yogdunana/deploypilot/internal/mcp/server.go:476.68,478.4 1 0
github.com/Yogdunana/deploypilot/internal/mcp/server.go:479.3,479.22 1 1
github.com/Yogdunana/deploypilot/internal/mcp/server.go:482.2,483.16 2 1
github.com/Yogdunana/deploypilot/internal/mcp/server.go:483.16,485.3 1 1
github.com/Yogdunana/deploypilot/internal/mcp/server.go:487.2,499.49 3 1
github.com/Yogdunana/deploypilot/internal/mcp/server.go:502.113,504.16 2 1
github.com/Yogdunana/deploypilot/internal/mcp/server.go:504.16,506.3 1 1
github.com/Yogdunana/deploypilot/internal/mcp/server.go:508.2,515.49 3 1
github.com/Yogdunana/deploypilot/internal/mcp/server.go:518.116,520.16 2 1
github.com/Yogdunana/deploypilot/internal/mcp/server.go:520.16,522.3 1 1
github.com/Yogdunana/deploypilot/internal/mcp/server.go:524.2,531.49 3 1
github.com/Yogdunana/deploypilot/internal/mcp/server.go:534.120,536.16 2 1
github.com/Yogdunana/deploypilot/internal/mcp/server.go:536.16,538.3 1 1
github.com/Yogdunana/deploypilot/internal/mcp/server.go:540.2,541.16 2 1
github.com/Yogdunana/deploypilot/internal/mcp/server.go:541.16,543.3 1 1
github.com/Yogdunana/deploypilot/internal/mcp/server.go:545.2,556.16 3 1
github.com/Yogdunana/deploypilot/internal/mcp/server.go:556.16,558.3 1 1
github.com/Yogdunana/deploypilot/internal/mcp/server.go:560.2,571.49 3 1
github.com/Yogdunana/deploypilot/internal/mcp/server.go:574.120,576.16 2 1
github.com/Yogdunana/deploypilot/internal/mcp/server.go:576.16,578.3 1 1
github.com/Yogdunana/deploypilot/internal/mcp/server.go:580.2,580.55 1 1
github.com/Yogdunana/deploypilot/internal/mcp/server.go:580.55,582.3 1 1
github.com/Yogdunana/deploypilot/internal/mcp/server.go:584.2,590.49 3 1
github.com/Yogdunana/deploypilot/internal/mcp/server.go:593.119,595.16 2 1
github.com/Yogdunana/deploypilot/internal/mcp/server.go:595.16,597.3 1 1
github.com/Yogdunana/deploypilot/internal/mcp/server.go:599.2,600.16 2 1
github.com/Yogdunana/deploypilot/internal/mcp/server.go:600.16,602.3 1 0
github.com/Yogdunana/deploypilot/internal/mcp/server.go:604.2,605.16 2 1
github.com/Yogdunana/deploypilot/internal/mcp/server.go:605.16,607.3 1 1
github.com/Yogdunana/deploypilot/internal/mcp/server.go:609.2,621.49 3 1
github.com/Yogdunana/deploypilot/internal/mcp/server.go:624.117,626.16 2 1
github.com/Yogdunana/deploypilot/internal/mcp/server.go:626.16,628.3 1 1
github.com/Yogdunana/deploypilot/internal/mcp/server.go:630.2,631.16 2 1
github.com/Yogdunana/deploypilot/internal/mcp/server.go:631.16,633.3 1 1
github.com/Yogdunana/deploypilot/internal/mcp/server.go:635.2,644.49 3 1
github.com/Yogdunana/deploypilot/internal/mcp/server.go:647.118,649.16 2 1
github.com/Yogdunana/deploypilot/internal/mcp/server.go:649.16,651.3 1 1
github.com/Yogdunana/deploypilot/internal/mcp/server.go:653.2,654.16 2 1
github.com/Yogdunana/deploypilot/internal/mcp/server.go:654.16,656.3 1 1
github.com/Yogdunana/deploypilot/internal/mcp/server.go:658.2,670.49 3 1
github.com/Yogdunana/deploypilot/internal/mcp/server.go:673.121,675.16 2 1
github.com/Yogdunana/deploypilot/internal/mcp/server.go:675.16,677.3 1 1
github.com/Yogdunana/deploypilot/internal/mcp/server.go:679.2,680.49 2 1
github.com/Yogdunana/deploypilot/internal/mcp/server.go:680.49,682.3 1 0
github.com/Yogdunana/deploypilot/internal/mcp/server.go:684.2,685.16 2 1
github.com/Yogdunana/deploypilot/internal/mcp/server.go:685.16,687.3 1 1
github.com/Yogdunana/deploypilot/internal/mcp/server.go:689.2,697.49 3 1
github.com/Yogdunana/deploypilot/internal/mcp/server.go:700.120,702.51 2 1
github.com/Yogdunana/deploypilot/internal/mcp/server.go:702.51,704.3 1 1
github.com/Yogdunana/deploypilot/internal/mcp/server.go:706.2,707.50 2 1
github.com/Yogdunana/deploypilot/internal/mcp/server.go:707.50,708.44 1 1
github.com/Yogdunana/deploypilot/internal/mcp/server.go:708.44,711.57 3 1
github.com/Yogdunana/deploypilot/internal/mcp/server.go:711.57,713.5 1 1
github.com/Yogdunana/deploypilot/internal/mcp/server.go:717.2,718.53 2 1
github.com/Yogdunana/deploypilot/internal/mcp/server.go:718.53,720.27 2 0
github.com/Yogdunana/deploypilot/internal/mcp/server.go:720.27,722.4 1 0
github.com/Yogdunana/deploypilot/internal/mcp/server.go:725.2,726.16 2 1
github.com/Yogdunana/deploypilot/internal/mcp/server.go:726.16,728.3 1 1
github.com/Yogdunana/deploypilot/internal/mcp/server.go:730.2,736.49 3 1
github.com/Yogdunana/deploypilot/internal/mcp/server.go:739.122,741.16 2 1
github.com/Yogdunana/deploypilot/internal/mcp/server.go:741.16,743.3 1 1
github.com/Yogdunana/deploypilot/internal/mcp/server.go:745.2,748.16 3 1
github.com/Yogdunana/deploypilot/internal/mcp/server.go:748.16,750.3 1 1
github.com/Yogdunana/deploypilot/internal/mcp/server.go:752.2,758.49 3 1
github.com/Yogdunana/deploypilot/internal/mcp/server.go:761.120,763.16 2 1
github.com/Yogdunana/deploypilot/internal/mcp/server.go:763.16,765.3 1 1
github.com/Yogdunana/deploypilot/internal/mcp/server.go:766.2,767.16 2 1
github.com/Yogdunana/deploypilot/internal/mcp/server.go:767.16,769.3 1 0
github.com/Yogdunana/deploypilot/internal/mcp/server.go:771.2,772.51 2 1
github.com/Yogdunana/deploypilot/internal/mcp/server.go:772.51,774.3 1 1
github.com/Yogdunana/deploypilot/internal/mcp/server.go:775.2,778.16 3 1
github.com/Yogdunana/deploypilot/internal/mcp/server.go:778.16,780.3 1 1
github.com/Yogdunana/deploypilot/internal/mcp/server.go:782.2,794.49 3 1
github.com/Yogdunana/deploypilot/internal/mcp/server.go:797.123,799.16 2 1
github.com/Yogdunana/deploypilot/internal/mcp/server.go:799.16,801.3 1 1
github.com/Yogdunana/deploypilot/internal/mcp/server.go:803.2,803.61 1 1
github.com/Yogdunana/deploypilot/internal/mcp/server.go:803.61,805.3 1 0
github.com/Yogdunana/deploypilot/internal/mcp/server.go:807.2,812.49 3 1
github.com/Yogdunana/deploypilot/internal/mcp/server.go:815.121,817.16 2 1
github.com/Yogdunana/deploypilot/internal/mcp/server.go:817.16,819.3 1 0
github.com/Yogdunana/deploypilot/internal/mcp/server.go:821.2,822.16 2 1
github.com/Yogdunana/deploypilot/internal/mcp/server.go:822.16,824.3 1 1
github.com/Yogdunana/deploypilot/internal/mcp/server.go:826.2,831.49 3 1
github.com/Yogdunana/deploypilot/internal/mcp/server.go:834.127,836.16 2 1
github.com/Yogdunana/deploypilot/internal/mcp/server.go:836.16,838.3 1 0
github.com/Yogdunana/deploypilot/internal/mcp/server.go:839.2,840.16 2 1
github.com/Yogdunana/deploypilot/internal/mcp/server.go:840.16,842.3 1 1
github.com/Yogdunana/deploypilot/internal/mcp/server.go:843.2,844.16 2 1
github.com/Yogdunana/deploypilot/internal/mcp/server.go:844.16,846.3 1 0
github.com/Yogdunana/deploypilot/internal/mcp/server.go:847.2,848.16 2 1
github.com/Yogdunana/deploypilot/internal/mcp/server.go:848.16,850.3 1 0
github.com/Yogdunana/deploypilot/internal/mcp/server.go:852.2,853.16 2 1
github.com/Yogdunana/deploypilot/internal/mcp/server.go:853.16,855.3 1 1
github.com/Yogdunana/deploypilot/internal/mcp/server.go:857.2,863.49 3 1
github.com/Yogdunana/deploypilot/internal/mcp/server.go:866.126,868.16 2 1
github.com/Yogdunana/deploypilot/internal/mcp/server.go:868.16,870.3 1 0
github.com/Yogdunana/deploypilot/internal/mcp/server.go:872.2,873.16 2 1
github.com/Yogdunana/deploypilot/internal/mcp/server.go:873.16,875.3 1 1
github.com/Yogdunana/deploypilot/internal/mcp/server.go:877.2,882.49 3 1
github.com/Yogdunana/deploypilot/internal/mcp/server.go:885.127,887.16 2 1
github.com/Yogdunana/deploypilot/internal/mcp/server.go:887.16,889.3 1 1
github.com/Yogdunana/deploypilot/internal/mcp/server.go:891.2,891.63 1 1
github.com/Yogdunana/deploypilot/internal/mcp/server.go:891.63,893.3 1 1
github.com/Yogdunana/deploypilot/internal/mcp/server.go:895.2,900.49 3 1
github.com/Yogdunana/deploypilot/internal/mcp/server.go:903.126,909.67 5 1
github.com/Yogdunana/deploypilot/internal/mcp/server.go:909.67,911.3 1 1
github.com/Yogdunana/deploypilot/internal/mcp/server.go:913.2,914.16 2 1
github.com/Yogdunana/deploypilot/internal/mcp/server.go:914.16,916.3 1 1
github.com/Yogdunana/deploypilot/internal/mcp/server.go:918.2,920.49 3 1
github.com/Yogdunana/deploypilot/internal/mcp/server.go:923.126,925.16 2 1
github.com/Yogdunana/deploypilot/internal/mcp/server.go:925.16,927.3 1 1
github.com/Yogdunana/deploypilot/internal/mcp/server.go:929.2,929.64 1 1
github.com/Yogdunana/deploypilot/internal/mcp/server.go:929.64,931.3 1 0
github.com/Yogdunana/deploypilot/internal/mcp/server.go:933.2,935.49 3 1
github.com/Yogdunana/deploypilot/internal/mcp/server.go:938.125,940.16 2 1
github.com/Yogdunana/deploypilot/internal/mcp/server.go:940.16,942.3 1 0
github.com/Yogdunana/deploypilot/internal/mcp/server.go:944.2,945.16 2 1
github.com/Yogdunana/deploypilot/internal/mcp/server.go:945.16,947.3 1 1
github.com/Yogdunana/deploypilot/internal/mcp/server.go:949.2,951.49 3 1
github.com/Yogdunana/deploypilot/internal/mcp/server.go:954.127,956.16 2 1
github.com/Yogdunana/deploypilot/internal/mcp/server.go:956.16,958.3 1 1
github.com/Yogdunana/deploypilot/internal/mcp/server.go:959.2,965.16 6 1
github.com/Yogdunana/deploypilot/internal/mcp/server.go:965.16,967.3 1 1
github.com/Yogdunana/deploypilot/internal/mcp/server.go:969.2,971.49 3 1
github.com/Yogdunana/deploypilot/internal/mcp/server.go:974.124,976.16 2 1
github.com/Yogdunana/deploypilot/internal/mcp/server.go:976.16,978.3 1 1
github.com/Yogdunana/deploypilot/internal/mcp/server.go:980.2,982.49 3 1
github.com/Yogdunana/deploypilot/internal/mcp/server.go:985.122,987.16 2 1
github.com/Yogdunana/deploypilot/internal/mcp/server.go:987.16,989.3 1 1
github.com/Yogdunana/deploypilot/internal/mcp/server.go:991.2,992.16 2 1
github.com/Yogdunana/deploypilot/internal/mcp/server.go:992.16,994.3 1 1
github.com/Yogdunana/deploypilot/internal/mcp/server.go:996.2,998.49 3 1
github.com/Yogdunana/deploypilot/internal/mcp/server.go:1001.126,1003.16 2 1
github.com/Yogdunana/deploypilot/internal/mcp/server.go:1003.16,1005.3 1 1
github.com/Yogdunana/deploypilot/internal/mcp/server.go:1007.2,1008.16 2 1
github.com/Yogdunana/deploypilot/internal/mcp/server.go:1008.16,1010.3 1 1
github.com/Yogdunana/deploypilot/internal/mcp/server.go:1012.2,1023.49 3 1
github.com/Yogdunana/deploypilot/internal/model/credential.go:25.41,28.2 2 1
github.com/Yogdunana/deploypilot/internal/model/credential.go:31.23,32.24 1 1
github.com/Yogdunana/deploypilot/internal/model/credential.go:32.24,33.64 1 1
github.com/Yogdunana/deploypilot/internal/model/credential.go:35.2,35.20 1 1
github.com/Yogdunana/deploypilot/internal/model/credential.go:39.25,40.31 1 1
github.com/Yogdunana/deploypilot/internal/model/credential.go:40.31,41.70 1 1
github.com/Yogdunana/deploypilot/internal/model/credential.go:43.2,43.24 1 0
github.com/Yogdunana/deploypilot/internal/model/credential.go:47.113,49.16 2 1
github.com/Yogdunana/deploypilot/internal/model/credential.go:49.16,51.3 1 0
github.com/Yogdunana/deploypilot/internal/model/credential.go:53.2,62.25 3 1
github.com/Yogdunana/deploypilot/internal/model/credential.go:62.25,64.3 1 0
github.com/Yogdunana/deploypilot/internal/model/credential.go:66.2,69.8 1 1
github.com/Yogdunana/deploypilot/internal/model/credential.go:73.76,76.25 3 1
github.com/Yogdunana/deploypilot/internal/model/credential.go:76.25,78.3 1 1
github.com/Yogdunana/deploypilot/internal/model/credential.go:80.2,81.16 2 1
github.com/Yogdunana/deploypilot/internal/model/credential.go:81.16,83.3 1 0
github.com/Yogdunana/deploypilot/internal/model/credential.go:85.2,88.8 1 1
github.com/Yogdunana/deploypilot/internal/model/credential.go:92.61,95.25 3 1
github.com/Yogdunana/deploypilot/internal/model/credential.go:95.25,97.3 1 0
github.com/Yogdunana/deploypilot/internal/model/credential.go:98.2,98.19 1 1
github.com/Yogdunana/deploypilot/internal/model/credential.go:102.40,104.25 2 1
github.com/Yogdunana/deploypilot/internal/model/credential.go:104.25,106.3 1 0
github.com/Yogdunana/deploypilot/internal/model/credential.go:107.2,107.30 1 1
github.com/Yogdunana/deploypilot/internal/model/credential.go:107.30,109.3 1 1
github.com/Yogdunana/deploypilot/internal/model/credential.go:110.2,110.12 1 1
github.com/Yogdunana/deploypilot/internal/model/credential.go:114.94,116.16 2 1
github.com/Yogdunana/deploypilot/internal/model/credential.go:116.16,118.3 1 0
github.com/Yogdunana/deploypilot/internal/model/credential.go:120.2,124.25 2 1
github.com/Yogdunana/deploypilot/internal/model/credential.go:124.25,126.3 1 0
github.com/Yogdunana/deploypilot/internal/model/credential.go:127.2,127.30 1 1
github.com/Yogdunana/deploypilot/internal/model/credential.go:127.30,129.3 1 1
github.com/Yogdunana/deploypilot/internal/model/credential.go:131.2,131.34 1 1
github.com/Yogdunana/deploypilot/internal/model/credential.go:135.28,139.2 3 1
github.com/Yogdunana/deploypilot/internal/model/model.go:17.34,17.54 1 1
github.com/Yogdunana/deploypilot/internal/model/model.go:27.32,27.50 1 1
github.com/Yogdunana/deploypilot/internal/model/model.go:44.32,44.50 1 1
github.com/Yogdunana/deploypilot/internal/model/model.go:66.34,66.54 1 1
github.com/Yogdunana/deploypilot/internal/model/model.go:91.31,91.48 1 1
github.com/Yogdunana/deploypilot/internal/model/model.go:106.38,106.62 1 1
github.com/Yogdunana/deploypilot/internal/model/model.go:122.36,122.58 1 1
github.com/Yogdunana/deploypilot/internal/provider/dns/dns.go:39.79,48.2 1 1
github.com/Yogdunana/deploypilot/internal/provider/dns/dns.go:51.53,53.2 1 1
github.com/Yogdunana/deploypilot/internal/provider/dns/dns.go:56.86,58.16 2 1
github.com/Yogdunana/deploypilot/internal/provider/dns/dns.go:58.16,60.3 1 1
github.com/Yogdunana/deploypilot/internal/provider/dns/dns.go:62.2,72.16 4 1
github.com/Yogdunana/deploypilot/internal/provider/dns/dns.go:72.16,74.3 1 0
github.com/Yogdunana/deploypilot/internal/provider/dns/dns.go:75.2,77.38 2 1
github.com/Yogdunana/deploypilot/internal/provider/dns/dns.go:77.38,80.3 2 0
github.com/Yogdunana/deploypilot/internal/provider/dns/dns.go:82.2,82.12 1 1
github.com/Yogdunana/deploypilot/internal/provider/dns/dns.go:86.86,88.16 2 1
github.com/Yogdunana/deploypilot/internal/provider/dns/dns.go:88.16,90.3 1 0
github.com/Yogdunana/deploypilot/internal/provider/dns/dns.go:92.2,93.16 2 1
github.com/Yogdunana/deploypilot/internal/provider/dns/dns.go:93.16,95.3 1 1
github.com/Yogdunana/deploypilot/internal/provider/dns/dns.go:97.2,107.16 4 1
github.com/Yogdunana/deploypilot/internal/provider/dns/dns.go:107.16,109.3 1 0
github.com/Yogdunana/deploypilot/internal/provider/dns/dns.go:110.2,112.38 2 1
github.com/Yogdunana/deploypilot/internal/provider/dns/dns.go:112.38,115.3 2 0
github.com/Yogdunana/deploypilot/internal/provider/dns/dns.go:117.2,117.12 1 1
github.com/Yogdunana/deploypilot/internal/provider/dns/dns.go:121.103,123.16 2 1
github.com/Yogdunana/deploypilot/internal/provider/dns/dns.go:123.16,125.3 1 0
github.com/Yogdunana/deploypilot/internal/provider/dns/dns.go:127.2,128.16 2 1
github.com/Yogdunana/deploypilot/internal/provider/dns/dns.go:128.16,130.3 1 1
github.com/Yogdunana/deploypilot/internal/provider/dns/dns.go:132.2,134.16 3 1
github.com/Yogdunana/deploypilot/internal/provider/dns/dns.go:134.16,136.3 1 0
github.com/Yogdunana/deploypilot/internal/provider/dns/dns.go:137.2,139.38 2 1
github.com/Yogdunana/deploypilot/internal/provider/dns/dns.go:139.38,142.3 2 0
github.com/Yogdunana/deploypilot/internal/provider/dns/dns.go:144.2,144.12 1 1
github.com/Yogdunana/deploypilot/internal/provider/dns/dns.go:148.114,150.16 2 1
github.com/Yogdunana/deploypilot/internal/provider/dns/dns.go:150.16,152.3 1 0
github.com/Yogdunana/deploypilot/internal/provider/dns/dns.go:154.2,155.16 2 1
github.com/Yogdunana/deploypilot/internal/provider/dns/dns.go:155.16,157.3 1 1
github.com/Yogdunana/deploypilot/internal/provider/dns/dns.go:159.2,161.16 3 1
github.com/Yogdunana/deploypilot/internal/provider/dns/dns.go:161.16,163.3 1 0
github.com/Yogdunana/deploypilot/internal/provider/dns/dns.go:164.2,166.38 2 1
github.com/Yogdunana/deploypilot/internal/provider/dns/dns.go:166.38,168.3 1 0
github.com/Yogdunana/deploypilot/internal/provider/dns/dns.go:171.2,175.8 1 1
github.com/Yogdunana/deploypilot/internal/provider/dns/dns.go:179.100,181.16 2 1
github.com/Yogdunana/deploypilot/internal/provider/dns/dns.go:181.16,183.3 1 1
github.com/Yogdunana/deploypilot/internal/provider/dns/dns.go:185.2,187.16 3 1
github.com/Yogdunana/deploypilot/internal/provider/dns/dns.go:187.16,189.3 1 0
github.com/Yogdunana/deploypilot/internal/provider/dns/dns.go:190.2,192.38 2 1
github.com/Yogdunana/deploypilot/internal/provider/dns/dns.go:192.38,194.3 1 0
github.com/Yogdunana/deploypilot/internal/provider/dns/dns.go:197.2,197.28 1 1
github.com/Yogdunana/deploypilot/internal/provider/dns/dns.go:201.92,204.16 3 1
github.com/Yogdunana/deploypilot/internal/provider/dns/dns.go:204.16,206.3 1 1
github.com/Yogdunana/deploypilot/internal/provider/dns/dns.go:207.2,209.38 2 1
github.com/Yogdunana/deploypilot/internal/provider/dns/dns.go:209.38,211.3 1 1
github.com/Yogdunana/deploypilot/internal/provider/dns/dns.go:214.2,214.32 1 1
github.com/Yogdunana/deploypilot/internal/provider/dns/dns.go:218.112,222.16 3 1
github.com/Yogdunana/deploypilot/internal/provider/dns/dns.go:222.16,224.3 1 0
github.com/Yogdunana/deploypilot/internal/provider/dns/dns.go:225.2,227.38 2 1
github.com/Yogdunana/deploypilot/internal/provider/dns/dns.go:227.38,229.3 1 1
github.com/Yogdunana/deploypilot/internal/provider/dns/dns.go:232.2,232.34 1 1
github.com/Yogdunana/deploypilot/internal/provider/dns/dns.go:236.123,241.16 3 1
github.com/Yogdunana/deploypilot/internal/provider/dns/dns.go:241.16,243.3 1 0
github.com/Yogdunana/deploypilot/internal/provider/dns/dns.go:245.2,247.26 3 1
github.com/Yogdunana/deploypilot/internal/provider/dns/dns.go:247.26,249.3 1 1
github.com/Yogdunana/deploypilot/internal/provider/dns/dns.go:251.2,251.29 1 1
github.com/Yogdunana/deploypilot/internal/provider/notify/notify.go:50.81,58.2 1 1
github.com/Yogdunana/deploypilot/internal/provider/notify/notify.go:61.41,61.61 1 1
github.com/Yogdunana/deploypilot/internal/provider/notify/notify.go:64.103,66.16 2 1
github.com/Yogdunana/deploypilot/internal/provider/notify/notify.go:66.16,68.3 1 0
github.com/Yogdunana/deploypilot/internal/provider/notify/notify.go:70.2,71.16 2 1
github.com/Yogdunana/deploypilot/internal/provider/notify/notify.go:71.16,73.3 1 0
github.com/Yogdunana/deploypilot/internal/provider/notify/notify.go:75.2,76.36 2 1
github.com/Yogdunana/deploypilot/internal/provider/notify/notify.go:76.36,78.3 1 1
github.com/Yogdunana/deploypilot/internal/provider/notify/notify.go:80.2,81.16 2 1
github.com/Yogdunana/deploypilot/internal/provider/notify/notify.go:81.16,83.3 1 1
github.com/Yogdunana/deploypilot/internal/provider/notify/notify.go:84.2,88.53 3 1
github.com/Yogdunana/deploypilot/internal/provider/notify/notify.go:88.53,94.3 1 1
github.com/Yogdunana/deploypilot/internal/provider/notify/notify.go:96.2,100.8 1 1
github.com/Yogdunana/deploypilot/internal/provider/notify/notify.go:121.58,124.53 1 1
github.com/Yogdunana/deploypilot/internal/provider/notify/notify.go:124.53,128.4 3 0
github.com/Yogdunana/deploypilot/internal/provider/notify/notify.go:133.39,133.57 1 1
github.com/Yogdunana/deploypilot/internal/provider/notify/notify.go:136.101,151.16 5 1
github.com/Yogdunana/deploypilot/internal/provider/notify/notify.go:151.16,153.3 1 1
github.com/Yogdunana/deploypilot/internal/provider/notify/notify.go:155.2,155.84 1 1
github.com/Yogdunana/deploypilot/internal/provider/notify/notify.go:166.61,168.2 1 1
github.com/Yogdunana/deploypilot/internal/provider/notify/notify.go:171.39,171.57 1 1
github.com/Yogdunana/deploypilot/internal/provider/notify/notify.go:174.103,176.32 2 1
github.com/Yogdunana/deploypilot/internal/provider/notify/notify.go:176.32,178.17 2 1
github.com/Yogdunana/deploypilot/internal/provider/notify/notify.go:178.17,180.4 1 0
github.com/Yogdunana/deploypilot/internal/provider/notify/notify.go:181.3,181.36 1 1
github.com/Yogdunana/deploypilot/internal/provider/notify/notify.go:183.2,183.21 1 1
github.com/Yogdunana/deploypilot/internal/provider/notify/notify.go:189.64,199.2 1 1
github.com/Yogdunana/deploypilot/internal/provider/notify/notify.go:202.64,212.2 1 1
github.com/Yogdunana/deploypilot/internal/provider/notify/notify.go:215.69,225.2 1 1
github.com/Yogdunana/deploypilot/internal/provider/notify/notify.go:228.70,238.2 1 1
github.com/Yogdunana/deploypilot/internal/provider/server/ssh_client.go:30.64,31.22 1 1
github.com/Yogdunana/deploypilot/internal/provider/server/ssh_client.go:31.22,33.3 1 0
github.com/Yogdunana/deploypilot/internal/provider/server/ssh_client.go:35.2,38.27 2 1
github.com/Yogdunana/deploypilot/internal/provider/server/ssh_client.go:38.27,40.17 2 1
github.com/Yogdunana/deploypilot/internal/provider/server/ssh_client.go:40.17,42.4 1 0
github.com/Yogdunana/deploypilot/internal/provider/server/ssh_client.go:43.3,43.60 1 1
github.com/Yogdunana/deploypilot/internal/provider/server/ssh_client.go:47.2,47.24 1 1
github.com/Yogdunana/deploypilot/internal/provider/server/ssh_client.go:47.24,49.3 1 0
github.com/Yogdunana/deploypilot/internal/provider/server/ssh_client.go:51.2,51.27 1 1
github.com/Yogdunana/deploypilot/internal/provider/server/ssh_client.go:51.27,53.3 1 1
github.com/Yogdunana/deploypilot/internal/provider/server/ssh_client.go:55.2,70.12 5 1
github.com/Yogdunana/deploypilot/internal/provider/server/ssh_client.go:70.12,73.3 2 1
github.com/Yogdunana/deploypilot/internal/provider/server/ssh_client.go:75.2,75.9 1 1
github.com/Yogdunana/deploypilot/internal/provider/server/ssh_client.go:76.20,77.68 1 0
github.com/Yogdunana/deploypilot/internal/provider/server/ssh_client.go:78.19,79.19 1 1
github.com/Yogdunana/deploypilot/internal/provider/server/ssh_client.go:79.19,81.4 1 0
github.com/Yogdunana/deploypilot/internal/provider/server/ssh_client.go:82.3,82.40 1 1
github.com/Yogdunana/deploypilot/internal/provider/server/ssh_client.go:87.78,89.16 2 1
github.com/Yogdunana/deploypilot/internal/provider/server/ssh_client.go:89.16,91.3 1 0
github.com/Yogdunana/deploypilot/internal/provider/server/ssh_client.go:92.2,100.12 4 1
github.com/Yogdunana/deploypilot/internal/provider/server/ssh_client.go:100.12,103.3 2 1
github.com/Yogdunana/deploypilot/internal/provider/server/ssh_client.go:105.2,105.9 1 1
github.com/Yogdunana/deploypilot/internal/provider/server/ssh_client.go:106.20,108.60 2 0
github.com/Yogdunana/deploypilot/internal/provider/server/ssh_client.go:109.19,110.19 1 1
github.com/Yogdunana/deploypilot/internal/provider/server/ssh_client.go:110.19,112.4 1 1
github.com/Yogdunana/deploypilot/internal/provider/server/ssh_client.go:113.3,113.23 1 1
github.com/Yogdunana/deploypilot/internal/provider/server/ssh_client.go:118.103,120.16 2 1
github.com/Yogdunana/deploypilot/internal/provider/server/ssh_client.go:120.16,122.3 1 0
github.com/Yogdunana/deploypilot/internal/provider/server/ssh_client.go:123.2,125.19 2 1
github.com/Yogdunana/deploypilot/internal/provider/server/ssh_client.go:125.19,127.3 1 1
github.com/Yogdunana/deploypilot/internal/provider/server/ssh_client.go:128.2,128.19 1 1
github.com/Yogdunana/deploypilot/internal/provider/server/ssh_client.go:128.19,130.3 1 0
github.com/Yogdunana/deploypilot/internal/provider/server/ssh_client.go:132.2,136.12 3 1
github.com/Yogdunana/deploypilot/internal/provider/server/ssh_client.go:136.12,138.3 1 1
github.com/Yogdunana/deploypilot/internal/provider/server/ssh_client.go:140.2,140.9 1 1
github.com/Yogdunana/deploypilot/internal/provider/server/ssh_client.go:141.20,143.56 2 0
github.com/Yogdunana/deploypilot/internal/provider/server/ssh_client.go:144.19,145.15 1 1
github.com/Yogdunana/deploypilot/internal/provider/server/ssh_client.go:150.32,151.21 1 1
github.com/Yogdunana/deploypilot/internal/provider/server/ssh_client.go:151.21,153.3 1 1
github.com/Yogdunana/deploypilot/internal/provider/server/ssh_client.go:154.2,154.12 1 0
github.com/Yogdunana/deploypilot/internal/provider/server/ssh_client.go:158.37,159.21 1 1
github.com/Yogdunana/deploypilot/internal/provider/server/ssh_client.go:159.21,161.3 1 1
github.com/Yogdunana/deploypilot/internal/provider/server/ssh_client.go:162.2,163.19 2 1
github.com/Yogdunana/deploypilot/internal/provider/server/ssh_client.go:167.102,169.16 2 1
github.com/Yogdunana/deploypilot/internal/provider/server/ssh_client.go:169.16,171.3 1 0
github.com/Yogdunana/deploypilot/internal/provider/server/ssh_client.go:172.2,182.12 7 1
github.com/Yogdunana/deploypilot/internal/provider/server/ssh_client.go:182.12,184.3 1 1
github.com/Yogdunana/deploypilot/internal/provider/server/ssh_client.go:186.2,186.9 1 1
github.com/Yogdunana/deploypilot/internal/provider/server/ssh_client.go:187.20,189.64 2 0
github.com/Yogdunana/deploypilot/internal/provider/server/ssh_client.go:190.19,191.49 1 1
github.com/Yogdunana/deploypilot/pkg/errors/errors.go:14.35,15.18 1 1
github.com/Yogdunana/deploypilot/pkg/errors/errors.go:15.18,17.3 1 1
github.com/Yogdunana/deploypilot/pkg/errors/errors.go:18.2,18.18 1 1
github.com/Yogdunana/deploypilot/pkg/errors/errors.go:22.35,24.2 1 1
github.com/Yogdunana/deploypilot/pkg/errors/errors.go:27.51,30.2 2 1
github.com/Yogdunana/deploypilot/pkg/errors/errors.go:33.54,39.2 1 1
github.com/Yogdunana/deploypilot/pkg/errors/errors.go:42.33,43.16 1 1
github.com/Yogdunana/deploypilot/pkg/errors/errors.go:43.16,45.3 1 1
github.com/Yogdunana/deploypilot/pkg/errors/errors.go:46.2,47.11 2 1
github.com/Yogdunana/deploypilot/pkg/errors/errors.go:51.34,52.16 1 1
github.com/Yogdunana/deploypilot/pkg/errors/errors.go:52.16,54.3 1 1
github.com/Yogdunana/deploypilot/pkg/errors/errors.go:55.2,55.39 1 1
github.com/Yogdunana/deploypilot/pkg/errors/errors.go:55.39,57.3 1 1
github.com/Yogdunana/deploypilot/pkg/errors/errors.go:58.2,58.11 1 1
github.com/Yogdunana/deploypilot/pkg/errors/errors.go:62.37,63.39 1 1
github.com/Yogdunana/deploypilot/pkg/errors/errors.go:63.39,64.24 1 1
github.com/Yogdunana/deploypilot/pkg/errors/errors.go:64.24,66.4 1 1
github.com/Yogdunana/deploypilot/pkg/errors/errors.go:67.3,67.97 1 1
github.com/Yogdunana/deploypilot/pkg/errors/errors.go:69.2,69.20 1 0
github.com/Yogdunana/deploypilot/internal/engine/deployer/deployer.go:60.52,62.2 1 1
github.com/Yogdunana/deploypilot/internal/engine/deployer/deployer.go:65.98,66.21 1 1
github.com/Yogdunana/deploypilot/internal/engine/deployer/deployer.go:66.21,68.3 1 1
github.com/Yogdunana/deploypilot/internal/engine/deployer/deployer.go:69.2,69.29 1 1
github.com/Yogdunana/deploypilot/internal/engine/deployer/deployer.go:69.29,71.3 1 1
github.com/Yogdunana/deploypilot/internal/engine/deployer/deployer.go:74.2,75.63 2 1
github.com/Yogdunana/deploypilot/internal/engine/deployer/deployer.go:75.63,77.3 1 1
github.com/Yogdunana/deploypilot/internal/engine/deployer/deployer.go:80.2,87.16 4 1
github.com/Yogdunana/deploypilot/internal/engine/deployer/deployer.go:87.16,89.3 1 1
github.com/Yogdunana/deploypilot/internal/engine/deployer/deployer.go:92.2,93.23 2 1
github.com/Yogdunana/deploypilot/internal/engine/deployer/deployer.go:93.23,95.3 1 0
github.com/Yogdunana/deploypilot/internal/engine/deployer/deployer.go:98.2,99.16 2 1
github.com/Yogdunana/deploypilot/internal/engine/deployer/deployer.go:99.16,107.3 1 1
github.com/Yogdunana/deploypilot/internal/engine/deployer/deployer.go:109.2,109.20 1 1
github.com/Yogdunana/deploypilot/internal/engine/deployer/deployer.go:113.105,116.16 3 1
github.com/Yogdunana/deploypilot/internal/engine/deployer/deployer.go:116.16,118.3 1 0
github.com/Yogdunana/deploypilot/internal/engine/deployer/deployer.go:120.2,121.18 2 1
github.com/Yogdunana/deploypilot/internal/engine/deployer/deployer.go:121.18,123.3 1 1
github.com/Yogdunana/deploypilot/internal/engine/deployer/deployer.go:125.2,126.20 2 1
github.com/Yogdunana/deploypilot/internal/engine/deployer/deployer.go:126.20,128.3 1 0
github.com/Yogdunana/deploypilot/internal/engine/deployer/deployer.go:130.2,131.16 2 1
github.com/Yogdunana/deploypilot/internal/engine/deployer/deployer.go:131.16,133.3 1 0
github.com/Yogdunana/deploypilot/internal/engine/deployer/deployer.go:135.2,141.8 1 1
github.com/Yogdunana/deploypilot/internal/engine/deployer/deployer.go:145.71,147.16 2 1
github.com/Yogdunana/deploypilot/internal/engine/deployer/deployer.go:147.16,149.3 1 1
github.com/Yogdunana/deploypilot/internal/engine/deployer/deployer.go:150.2,150.12 1 1
github.com/Yogdunana/deploypilot/internal/engine/deployer/deployer.go:154.73,156.16 2 1
github.com/Yogdunana/deploypilot/internal/engine/deployer/deployer.go:156.16,158.3 1 0
github.com/Yogdunana/deploypilot/internal/engine/deployer/deployer.go:159.2,159.12 1 1
github.com/Yogdunana/deploypilot/internal/engine/deployer/deployer.go:163.103,166.16 3 1
github.com/Yogdunana/deploypilot/internal/engine/deployer/deployer.go:166.16,168.3 1 0
github.com/Yogdunana/deploypilot/internal/engine/deployer/deployer.go:169.2,169.20 1 1
github.com/Yogdunana/deploypilot/internal/engine/deployer/deployer.go:173.88,174.42 1 1
github.com/Yogdunana/deploypilot/internal/engine/deployer/deployer.go:174.42,176.3 1 1
github.com/Yogdunana/deploypilot/internal/engine/deployer/deployer.go:178.2,178.22 1 1
github.com/Yogdunana/deploypilot/internal/engine/deployer/deployer.go:178.22,180.3 1 0
github.com/Yogdunana/deploypilot/internal/engine/deployer/deployer.go:181.2,181.23 1 1
github.com/Yogdunana/deploypilot/internal/engine/deployer/deployer.go:181.23,183.3 1 1
github.com/Yogdunana/deploypilot/internal/engine/deployer/deployer.go:184.2,184.22 1 1
github.com/Yogdunana/deploypilot/internal/engine/deployer/deployer.go:184.22,186.3 1 0
github.com/Yogdunana/deploypilot/internal/engine/deployer/deployer.go:188.2,189.35 2 1
github.com/Yogdunana/deploypilot/internal/engine/deployer/deployer.go:189.35,190.10 1 1
github.com/Yogdunana/deploypilot/internal/engine/deployer/deployer.go:191.21,192.20 1 0
github.com/Yogdunana/deploypilot/internal/engine/deployer/deployer.go:193.11,193.11 0 1
github.com/Yogdunana/deploypilot/internal/engine/deployer/deployer.go:196.3,198.21 3 1
github.com/Yogdunana/deploypilot/internal/engine/deployer/deployer.go:198.21,200.4 1 1
github.com/Yogdunana/deploypilot/internal/engine/deployer/deployer.go:202.3,202.24 1 1
github.com/Yogdunana/deploypilot/internal/engine/deployer/deployer.go:202.24,204.4 1 1
github.com/Yogdunana/deploypilot/internal/engine/deployer/deployer.go:207.2,207.85 1 1
github.com/Yogdunana/deploypilot/internal/engine/deployer/deployer.go:211.67,220.29 4 1
github.com/Yogdunana/deploypilot/internal/engine/deployer/deployer.go:220.29,222.3 1 1
github.com/Yogdunana/deploypilot/internal/engine/deployer/deployer.go:223.2,226.21 2 1
github.com/Yogdunana/deploypilot/internal/engine/deployer/deployer.go:226.21,228.3 1 1
github.com/Yogdunana/deploypilot/internal/engine/deployer/deployer.go:231.2,231.23 1 1
github.com/Yogdunana/deploypilot/internal/engine/deployer/deployer.go:231.23,233.3 1 0
github.com/Yogdunana/deploypilot/internal/engine/deployer/deployer.go:236.2,236.32 1 1
github.com/Yogdunana/deploypilot/internal/engine/deployer/deployer.go:236.32,238.3 1 1
github.com/Yogdunana/deploypilot/internal/engine/deployer/deployer.go:241.2,241.31 1 1
github.com/Yogdunana/deploypilot/internal/engine/deployer/deployer.go:241.31,243.3 1 1
github.com/Yogdunana/deploypilot/internal/engine/deployer/deployer.go:246.2,246.19 1 1
github.com/Yogdunana/deploypilot/internal/engine/deployer/deployer.go:246.19,248.3 1 1
github.com/Yogdunana/deploypilot/internal/engine/deployer/deployer.go:249.2,249.22 1 1
github.com/Yogdunana/deploypilot/internal/engine/deployer/deployer.go:249.22,251.3 1 1
github.com/Yogdunana/deploypilot/internal/engine/deployer/deployer.go:254.2,254.23 1 1
github.com/Yogdunana/deploypilot/internal/engine/deployer/deployer.go:254.23,256.3 1 1
github.com/Yogdunana/deploypilot/internal/engine/deployer/deployer.go:259.2,261.32 2 1
github.com/Yogdunana/deploypilot/internal/engine/deployer/deployer.go:265.80,266.18 1 1
github.com/Yogdunana/deploypilot/internal/engine/deployer/deployer.go:267.14,268.90 1 1
github.com/Yogdunana/deploypilot/internal/engine/deployer/deployer.go:269.13,270.146 1 1
github.com/Yogdunana/deploypilot/internal/engine/deployer/deployer.go:271.10,272.19 1 0
github.com/Yogdunana/deploypilot/internal/engine/deployer/health.go:39.64,46.2 1 1
github.com/Yogdunana/deploypilot/internal/engine/deployer/health.go:49.122,51.31 2 1
github.com/Yogdunana/deploypilot/internal/engine/deployer/health.go:51.31,52.10 1 1
github.com/Yogdunana/deploypilot/internal/engine/deployer/health.go:53.21,54.106 1 1
github.com/Yogdunana/deploypilot/internal/engine/deployer/health.go:55.11,55.11 0 1
github.com/Yogdunana/deploypilot/internal/engine/deployer/health.go:58.3,62.13 4 1
github.com/Yogdunana/deploypilot/internal/engine/deployer/health.go:62.13,69.4 1 1
github.com/Yogdunana/deploypilot/internal/engine/deployer/health.go:71.3,72.20 2 1
github.com/Yogdunana/deploypilot/internal/engine/deployer/health.go:72.20,74.4 1 1
github.com/Yogdunana/deploypilot/internal/engine/deployer/health.go:77.2,82.3 1 1
github.com/Yogdunana/deploypilot/internal/engine/deployer/health.go:85.78,87.16 2 1
github.com/Yogdunana/deploypilot/internal/engine/deployer/health.go:87.16,89.3 1 0
github.com/Yogdunana/deploypilot/internal/engine/deployer/health.go:91.2,92.16 2 1
github.com/Yogdunana/deploypilot/internal/engine/deployer/health.go:92.16,94.3 1 1
github.com/Yogdunana/deploypilot/internal/engine/deployer/health.go:95.2,97.41 2 1
github.com/Yogdunana/deploypilot/internal/engine/deployer/health.go:101.129,105.31 3 1
github.com/Yogdunana/deploypilot/internal/engine/deployer/health.go:105.31,106.10 1 1
github.com/Yogdunana/deploypilot/internal/engine/deployer/health.go:107.21,108.106 1 0
github.com/Yogdunana/deploypilot/internal/engine/deployer/health.go:109.11,109.11 0 1
github.com/Yogdunana/deploypilot/internal/engine/deployer/health.go:112.3,116.17 4 1
github.com/Yogdunana/deploypilot/internal/engine/deployer/health.go:116.17,124.4 2 1
github.com/Yogdunana/deploypilot/internal/engine/deployer/health.go:126.3,127.20 2 1
github.com/Yogdunana/deploypilot/internal/engine/deployer/health.go:127.20,129.4 1 1
github.com/Yogdunana/deploypilot/internal/engine/deployer/health.go:132.2,137.3 1 1
github.com/Yogdunana/deploypilot/internal/engine/deployer/health.go:141.177,145.40 3 1
github.com/Yogdunana/deploypilot/internal/engine/deployer/health.go:145.40,147.3 1 1
github.com/Yogdunana/deploypilot/internal/engine/deployer/health.go:150.2,152.16 3 1
github.com/Yogdunana/deploypilot/internal/engine/deployer/health.go:152.16,154.3 1 0
github.com/Yogdunana/deploypilot/internal/engine/deployer/health.go:157.2,161.37 3 1
github.com/Yogdunana/deploypilot/internal/engine/deployer/health.go:162.14,163.66 1 1
github.com/Yogdunana/deploypilot/internal/engine/deployer/health.go:164.13,168.21 4 0
github.com/Yogdunana/deploypilot/internal/engine/deployer/health.go:168.21,170.4 1 0
github.com/Yogdunana/deploypilot/internal/engine/deployer/health.go:171.3,171.63 1 0
github.com/Yogdunana/deploypilot/internal/engine/deployer/health.go:172.10,173.82 1 0
github.com/Yogdunana/deploypilot/internal/engine/deployer/health.go:177.2,177.27 1 1
github.com/Yogdunana/deploypilot/internal/engine/deployer/health.go:177.27,180.3 2 1
github.com/Yogdunana/deploypilot/internal/engine/deployer/health.go:182.2,182.34 1 1
github.com/Yogdunana/deploypilot/internal/engine/deployer/health.go:186.108,190.25 3 1
github.com/Yogdunana/deploypilot/internal/engine/deployer/health.go:190.25,199.3 3 1
github.com/Yogdunana/deploypilot/internal/engine/deployer/health.go:202.2,213.16 6 1
github.com/Yogdunana/deploypilot/internal/engine/deployer/health.go:213.16,220.3 1 0
github.com/Yogdunana/deploypilot/internal/engine/deployer/health.go:222.2,227.3 1 1
github.com/Yogdunana/deploypilot/internal/engine/deployer/health.go:230.100,233.16 3 1
github.com/Yogdunana/deploypilot/internal/engine/deployer/health.go:233.16,235.3 1 1
github.com/Yogdunana/deploypilot/internal/engine/deployer/health.go:236.2,236.26 1 1
github.com/Yogdunana/deploypilot/internal/engine/deployer/logs.go:30.46,35.2 1 1
github.com/Yogdunana/deploypilot/internal/engine/deployer/logs.go:38.48,40.2 1 1
github.com/Yogdunana/deploypilot/internal/engine/deployer/logs.go:43.49,46.15 3 1
github.com/Yogdunana/deploypilot/internal/engine/deployer/logs.go:46.15,48.3 1 1
github.com/Yogdunana/deploypilot/internal/engine/deployer/logs.go:49.2,49.9 1 1
github.com/Yogdunana/deploypilot/internal/engine/deployer/logs.go:50.27,51.14 1 1
github.com/Yogdunana/deploypilot/internal/engine/deployer/logs.go:52.17,53.15 1 0
github.com/Yogdunana/deploypilot/internal/engine/deployer/logs.go:58.30,61.15 3 1
github.com/Yogdunana/deploypilot/internal/engine/deployer/logs.go:61.15,63.3 1 0
github.com/Yogdunana/deploypilot/internal/engine/deployer/logs.go:64.2,66.19 3 1
github.com/Yogdunana/deploypilot/internal/engine/deployer/logs.go:75.56,77.2 1 1
github.com/Yogdunana/deploypilot/internal/engine/deployer/logs.go:80.106,83.16 3 1
github.com/Yogdunana/deploypilot/internal/engine/deployer/logs.go:83.16,85.3 1 0
github.com/Yogdunana/deploypilot/internal/engine/deployer/logs.go:87.2,87.50 1 1
github.com/Yogdunana/deploypilot/internal/engine/deployer/logs.go:92.101,98.16 3 0
github.com/Yogdunana/deploypilot/internal/engine/deployer/logs.go:98.16,100.3 1 0
github.com/Yogdunana/deploypilot/internal/engine/deployer/logs.go:102.2,103.29 2 0
github.com/Yogdunana/deploypilot/internal/engine/deployer/logs.go:103.29,104.17 1 0
github.com/Yogdunana/deploypilot/internal/engine/deployer/logs.go:104.17,105.12 1 0
github.com/Yogdunana/deploypilot/internal/engine/deployer/logs.go:107.3,113.27 2 0
github.com/Yogdunana/deploypilot/internal/engine/deployer/logs.go:113.27,114.9 1 0
github.com/Yogdunana/deploypilot/internal/engine/deployer/logs.go:118.2,118.12 1 0
github.com/Yogdunana/deploypilot/internal/engine/deployer/logs.go:123.131,124.37 1 1
github.com/Yogdunana/deploypilot/internal/engine/deployer/logs.go:124.37,125.10 1 1
github.com/Yogdunana/deploypilot/internal/engine/deployer/logs.go:126.21,127.10 1 1
github.com/Yogdunana/deploypilot/internal/engine/deployer/logs.go:128.22,129.10 1 0
github.com/Yogdunana/deploypilot/internal/engine/deployer/logs.go:130.11,130.11 0 1
github.com/Yogdunana/deploypilot/internal/engine/deployer/logs.go:133.3,140.27 2 1
github.com/Yogdunana/deploypilot/internal/engine/deployer/logs.go:140.27,142.4 1 0
github.com/Yogdunana/deploypilot/internal/engine/deployer/logs.go:144.3,144.26 1 1
github.com/Yogdunana/deploypilot/internal/engine/deployer/logs.go:144.26,146.4 1 1
github.com/Yogdunana/deploypilot/internal/engine/deployer/logs.go:151.71,156.6 4 1
github.com/Yogdunana/deploypilot/internal/engine/deployer/logs.go:156.6,157.10 1 1
github.com/Yogdunana/deploypilot/internal/engine/deployer/logs.go:158.40,159.11 1 1
github.com/Yogdunana/deploypilot/internal/engine/deployer/logs.go:159.11,161.5 1 1
github.com/Yogdunana/deploypilot/internal/engine/deployer/logs.go:162.4,162.36 1 1
github.com/Yogdunana/deploypilot/internal/engine/deployer/logs.go:163.18,164.18 1 1
github.com/Yogdunana/deploypilot/internal/engine/deployer/logs.go:170.79,172.32 2 1
github.com/Yogdunana/deploypilot/internal/engine/deployer/logs.go:172.32,173.23 1 1
github.com/Yogdunana/deploypilot/internal/engine/deployer/logs.go:173.23,175.4 1 1
github.com/Yogdunana/deploypilot/internal/engine/deployer/logs.go:177.2,177.17 1 1
github.com/Yogdunana/deploypilot/internal/engine/deployer/logs.go:181.62,182.51 1 1
github.com/Yogdunana/deploypilot/internal/engine/deployer/logs.go:182.51,184.3 1 1
github.com/Yogdunana/deploypilot/internal/engine/deployer/logs.go:188.44,190.32 2 1
github.com/Yogdunana/deploypilot/internal/engine/deployer/logs.go:190.32,195.3 1 1
github.com/Yogdunana/deploypilot/internal/engine/deployer/logs.go:196.2,196.20 1 1
github.com/Yogdunana/deploypilot/internal/engine/deployer/logs.go:206.67,208.2 1 1
github.com/Yogdunana/deploypilot/internal/engine/deployer/logs.go:211.57,213.21 2 1
github.com/Yogdunana/deploypilot/internal/engine/deployer/logs.go:213.21,215.17 2 1
github.com/Yogdunana/deploypilot/internal/engine/deployer/logs.go:215.17,216.12 1 0
github.com/Yogdunana/deploypilot/internal/engine/deployer/logs.go:218.3,223.5 1 1
github.com/Yogdunana/deploypilot/internal/engine/deployer/logs.go:225.2,225.20 1 1
github.com/Yogdunana/deploypilot/internal/engine/deployer/logs.go:229.61,232.21 3 1
github.com/Yogdunana/deploypilot/internal/engine/deployer/logs.go:232.21,234.17 2 1
github.com/Yogdunana/deploypilot/internal/engine/deployer/logs.go:234.17,235.12 1 0
github.com/Yogdunana/deploypilot/internal/engine/deployer/logs.go:237.3,242.5 1 1
github.com/Yogdunana/deploypilot/internal/engine/deployer/logs.go:244.2,244.16 1 1
github.com/Yogdunana/deploypilot/internal/engine/deployer/logs.go:248.39,252.2 2 1
