mode: atomic
github.com/Yogdunana/deploypilot/cmd/deploypilot/app.go:18.47,21.3 1 1
github.com/Yogdunana/deploypilot/cmd/deploypilot/app.go:27.47,32.17 4 0
github.com/Yogdunana/deploypilot/cmd/deploypilot/app.go:32.17,35.4 2 0
github.com/Yogdunana/deploypilot/cmd/deploypilot/app.go:36.3,36.17 1 0
github.com/Yogdunana/deploypilot/cmd/deploypilot/app.go:36.17,39.4 2 0
github.com/Yogdunana/deploypilot/cmd/deploypilot/app.go:41.3,44.42 4 0
github.com/Yogdunana/deploypilot/cmd/deploypilot/app.go:51.47,56.17 4 0
github.com/Yogdunana/deploypilot/cmd/deploypilot/app.go:56.17,59.4 2 0
github.com/Yogdunana/deploypilot/cmd/deploypilot/app.go:61.3,64.36 4 0
github.com/Yogdunana/deploypilot/cmd/deploypilot/app.go:71.47,75.17 3 0
github.com/Yogdunana/deploypilot/cmd/deploypilot/app.go:75.17,78.4 2 0
github.com/Yogdunana/deploypilot/cmd/deploypilot/app.go:80.3,81.42 2 0
github.com/Yogdunana/deploypilot/cmd/deploypilot/app.go:85.13,103.2 14 1
github.com/Yogdunana/deploypilot/cmd/deploypilot/backup.go:18.47,25.3 5 0
github.com/Yogdunana/deploypilot/cmd/deploypilot/backup.go:31.47,35.17 3 0
github.com/Yogdunana/deploypilot/cmd/deploypilot/backup.go:35.17,38.4 2 0
github.com/Yogdunana/deploypilot/cmd/deploypilot/backup.go:40.3,41.48 2 0
github.com/Yogdunana/deploypilot/cmd/deploypilot/backup.go:48.47,50.3 1 0
github.com/Yogdunana/deploypilot/cmd/deploypilot/backup.go:53.13,64.2 8 1
github.com/Yogdunana/deploypilot/cmd/deploypilot/main.go:19.13,22.2 2 1
github.com/Yogdunana/deploypilot/cmd/deploypilot/main.go:24.16,25.42 1 0
github.com/Yogdunana/deploypilot/cmd/deploypilot/main.go:25.42,28.3 2 0
github.com/Yogdunana/deploypilot/cmd/deploypilot/main.go:31.13,33.2 1 0
github.com/Yogdunana/deploypilot/cmd/deploypilot/serve.go:25.85,29.2 3 0
github.com/Yogdunana/deploypilot/cmd/deploypilot/serve.go:35.54,38.25 2 0
github.com/Yogdunana/deploypilot/cmd/deploypilot/serve.go:38.25,40.4 1 0
github.com/Yogdunana/deploypilot/cmd/deploypilot/serve.go:43.3,44.17 2 0
github.com/Yogdunana/deploypilot/cmd/deploypilot/serve.go:44.17,47.4 2 0
github.com/Yogdunana/deploypilot/cmd/deploypilot/serve.go:50.3,51.38 2 0
github.com/Yogdunana/deploypilot/cmd/deploypilot/serve.go:51.38,52.53 1 0
github.com/Yogdunana/deploypilot/cmd/deploypilot/serve.go:52.53,54.5 1 0
github.com/Yogdunana/deploypilot/cmd/deploypilot/serve.go:58.3,59.17 2 0
github.com/Yogdunana/deploypilot/cmd/deploypilot/serve.go:59.17,61.4 1 0
github.com/Yogdunana/deploypilot/cmd/deploypilot/serve.go:64.3,64.46 1 0
github.com/Yogdunana/deploypilot/cmd/deploypilot/serve.go:64.46,66.4 1 0
github.com/Yogdunana/deploypilot/cmd/deploypilot/serve.go:69.3,69.43 1 0
github.com/Yogdunana/deploypilot/cmd/deploypilot/serve.go:69.43,70.46 1 0
github.com/Yogdunana/deploypilot/cmd/deploypilot/serve.go:70.46,72.5 1 0
github.com/Yogdunana/deploypilot/cmd/deploypilot/serve.go:76.3,83.38 5 0
github.com/Yogdunana/deploypilot/cmd/deploypilot/serve.go:87.13,91.2 3 1
github.com/Yogdunana/deploypilot/cmd/deploypilot/server.go:18.47,20.3 1 0
github.com/Yogdunana/deploypilot/cmd/deploypilot/server.go:26.47,31.17 4 0
github.com/Yogdunana/deploypilot/cmd/deploypilot/server.go:31.17,34.4 2 0
github.com/Yogdunana/deploypilot/cmd/deploypilot/server.go:35.3,35.17 1 0
github.com/Yogdunana/deploypilot/cmd/deploypilot/server.go:35.17,38.4 2 0
github.com/Yogdunana/deploypilot/cmd/deploypilot/server.go:40.3,42.43 3 0
github.com/Yogdunana/deploypilot/cmd/deploypilot/server.go:49.47,52.17 2 0
github.com/Yogdunana/deploypilot/cmd/deploypilot/server.go:52.17,55.4 2 0
github.com/Yogdunana/deploypilot/cmd/deploypilot/server.go:57.3,58.37 2 0
github.com/Yogdunana/deploypilot/cmd/deploypilot/server.go:62.13,74.2 9 1
github.com/Yogdunana/deploypilot/cmd/deploypilot/version.go:12.47,14.3 1 1
github.com/Yogdunana/deploypilot/cmd/deploypilot/version.go:17.13,19.2 1 1
github.com/Yogdunana/deploypilot/internal/config/config.go:95.47,110.41 8 19
github.com/Yogdunana/deploypilot/internal/config/config.go:110.41,112.3 1 2
github.com/Yogdunana/deploypilot/internal/config/config.go:114.2,115.42 2 17
github.com/Yogdunana/deploypilot/internal/config/config.go:115.42,117.3 1 0
github.com/Yogdunana/deploypilot/internal/config/config.go:119.2,119.18 1 17
github.com/Yogdunana/deploypilot/internal/config/config.go:123.34,174.2 33 19
github.com/Yogdunana/deploypilot/internal/config/manager.go:27.45,34.16 3 9
github.com/Yogdunana/deploypilot/internal/config/manager.go:34.16,37.3 1 0
github.com/Yogdunana/deploypilot/internal/config/manager.go:38.2,44.12 4 9
github.com/Yogdunana/deploypilot/internal/config/manager.go:48.39,52.2 3 6
github.com/Yogdunana/deploypilot/internal/config/manager.go:55.42,57.2 1 1
github.com/Yogdunana/deploypilot/internal/config/manager.go:60.36,64.2 3 2
github.com/Yogdunana/deploypilot/internal/config/manager.go:68.34,70.16 2 6
github.com/Yogdunana/deploypilot/internal/config/manager.go:70.16,72.3 1 1
github.com/Yogdunana/deploypilot/internal/config/manager.go:74.2,83.31 8 5
github.com/Yogdunana/deploypilot/internal/config/manager.go:83.31,85.3 1 3
github.com/Yogdunana/deploypilot/internal/config/manager.go:87.2,87.12 1 5
github.com/Yogdunana/deploypilot/internal/config/manager.go:91.47,95.2 3 3
github.com/Yogdunana/deploypilot/internal/config/manager.go:98.27,101.15 3 9
github.com/Yogdunana/deploypilot/internal/config/manager.go:101.15,104.3 2 9
github.com/Yogdunana/deploypilot/internal/config/manager.go:108.31,115.6 5 9
github.com/Yogdunana/deploypilot/internal/config/manager.go:115.6,116.10 1 9
github.com/Yogdunana/deploypilot/internal/config/manager.go:117.20,118.10 1 9
github.com/Yogdunana/deploypilot/internal/config/manager.go:119.19,121.52 2 0
github.com/Yogdunana/deploypilot/internal/config/manager.go:121.52,123.38 2 0
github.com/Yogdunana/deploypilot/internal/config/manager.go:123.38,125.6 1 0
github.com/Yogdunana/deploypilot/internal/config/manager.go:132.37,134.16 2 9
github.com/Yogdunana/deploypilot/internal/config/manager.go:134.16,136.3 1 3
github.com/Yogdunana/deploypilot/internal/config/manager.go:137.2,140.41 3 6
github.com/Yogdunana/deploypilot/internal/config/manager.go:140.41,142.3 1 0
github.com/Yogdunana/deploypilot/internal/config/manager.go:143.2,143.38 1 6
github.com/Yogdunana/deploypilot/cmd/mcp-server/main.go:27.85,31.2 3 0
github.com/Yogdunana/deploypilot/cmd/mcp-server/main.go:33.13,34.30 1 0
github.com/Yogdunana/deploypilot/cmd/mcp-server/main.go:34.30,37.3 2 0
github.com/Yogdunana/deploypilot/cmd/mcp-server/main.go:40.18,43.16 2 0
github.com/Yogdunana/deploypilot/cmd/mcp-server/main.go:43.16,46.3 2 0
github.com/Yogdunana/deploypilot/cmd/mcp-server/main.go:49.2,50.37 2 0
github.com/Yogdunana/deploypilot/cmd/mcp-server/main.go:50.37,51.52 1 0
github.com/Yogdunana/deploypilot/cmd/mcp-server/main.go:51.52,53.4 1 0
github.com/Yogdunana/deploypilot/cmd/mcp-server/main.go:57.2,58.16 2 0
github.com/Yogdunana/deploypilot/cmd/mcp-server/main.go:58.16,60.3 1 0
github.com/Yogdunana/deploypilot/cmd/mcp-server/main.go:63.2,63.45 1 0
github.com/Yogdunana/deploypilot/cmd/mcp-server/main.go:63.45,65.3 1 0
github.com/Yogdunana/deploypilot/cmd/mcp-server/main.go:68.2,68.42 1 0
github.com/Yogdunana/deploypilot/cmd/mcp-server/main.go:68.42,70.45 1 0
github.com/Yogdunana/deploypilot/cmd/mcp-server/main.go:70.45,72.4 1 0
github.com/Yogdunana/deploypilot/cmd/mcp-server/main.go:76.2,87.37 5 0
github.com/Yogdunana/deploypilot/internal/database/database.go:16.52,17.15 1 13
github.com/Yogdunana/deploypilot/internal/database/database.go:17.15,19.3 1 1
github.com/Yogdunana/deploypilot/internal/database/database.go:21.2,24.16 3 12
github.com/Yogdunana/deploypilot/internal/database/database.go:25.16,28.5 1 10
github.com/Yogdunana/deploypilot/internal/database/database.go:29.18,32.5 1 1
github.com/Yogdunana/deploypilot/internal/database/database.go:33.10,34.68 1 1
github.com/Yogdunana/deploypilot/internal/database/database.go:37.2,37.16 1 11
github.com/Yogdunana/deploypilot/internal/database/database.go:37.16,39.3 1 1
github.com/Yogdunana/deploypilot/internal/database/database.go:42.2,43.16 2 10
github.com/Yogdunana/deploypilot/internal/database/database.go:43.16,45.3 1 0
github.com/Yogdunana/deploypilot/internal/database/database.go:46.2,49.16 3 10
github.com/Yogdunana/deploypilot/internal/database/database.go:54.33,59.37 1 9
github.com/Yogdunana/deploypilot/internal/database/database.go:59.37,70.27 1 8
github.com/Yogdunana/deploypilot/internal/database/database.go:70.27,72.6 1 0
github.com/Yogdunana/deploypilot/internal/database/database.go:75.5,80.27 1 8
github.com/Yogdunana/deploypilot/internal/database/database.go:80.27,82.6 1 0
github.com/Yogdunana/deploypilot/internal/database/database.go:85.5,94.27 1 8
github.com/Yogdunana/deploypilot/internal/database/database.go:94.27,96.6 1 0
github.com/Yogdunana/deploypilot/internal/database/database.go:99.5,107.27 1 8
github.com/Yogdunana/deploypilot/internal/database/database.go:107.27,109.6 1 0
github.com/Yogdunana/deploypilot/internal/database/database.go:112.5,121.27 1 8
github.com/Yogdunana/deploypilot/internal/database/database.go:121.27,123.6 1 0
github.com/Yogdunana/deploypilot/internal/database/database.go:126.5,139.27 1 8
github.com/Yogdunana/deploypilot/internal/database/database.go:139.27,141.6 1 0
github.com/Yogdunana/deploypilot/internal/database/database.go:144.5,161.27 1 8
github.com/Yogdunana/deploypilot/internal/database/database.go:161.27,163.6 1 0
github.com/Yogdunana/deploypilot/internal/database/database.go:165.5,165.15 1 8
github.com/Yogdunana/deploypilot/internal/database/database.go:167.38,172.5 1 0
github.com/Yogdunana/deploypilot/internal/database/database.go:177.2,177.36 1 9
github.com/Yogdunana/deploypilot/internal/database/database.go:177.36,179.3 1 0
github.com/Yogdunana/deploypilot/internal/database/database.go:181.2,181.12 1 9
github.com/Yogdunana/deploypilot/internal/database/database.go:186.30,199.26 2 6
github.com/Yogdunana/deploypilot/internal/database/database.go:199.26,204.26 2 24
github.com/Yogdunana/deploypilot/internal/database/database.go:204.26,206.4 1 0
github.com/Yogdunana/deploypilot/internal/database/database.go:210.2,214.25 2 6
github.com/Yogdunana/deploypilot/internal/database/database.go:214.25,216.3 1 0
github.com/Yogdunana/deploypilot/internal/database/database.go:218.2,218.12 1 6
github.com/Yogdunana/deploypilot/internal/engine/builder/template.go:43.38,250.2 11 17
github.com/Yogdunana/deploypilot/internal/engine/builder/template.go:252.53,254.2 1 153
github.com/Yogdunana/deploypilot/internal/engine/builder/template.go:257.61,259.2 1 17
github.com/Yogdunana/deploypilot/internal/engine/builder/template.go:262.50,264.32 2 2
github.com/Yogdunana/deploypilot/internal/engine/builder/template.go:264.32,266.3 1 18
github.com/Yogdunana/deploypilot/internal/engine/builder/template.go:267.2,267.13 1 2
github.com/Yogdunana/deploypilot/internal/engine/builder/template.go:271.74,273.36 2 3
github.com/Yogdunana/deploypilot/internal/engine/builder/template.go:273.36,275.3 1 2
github.com/Yogdunana/deploypilot/internal/engine/builder/template.go:276.2,276.95 1 1
github.com/Yogdunana/deploypilot/internal/engine/builder/template.go:279.52,281.29 2 1
github.com/Yogdunana/deploypilot/internal/engine/builder/template.go:281.29,283.3 1 9
github.com/Yogdunana/deploypilot/internal/engine/builder/template.go:284.2,284.34 1 1
github.com/Yogdunana/deploypilot/internal/engine/builder/template.go:288.78,290.22 2 2
github.com/Yogdunana/deploypilot/internal/engine/builder/template.go:290.22,292.3 1 1
github.com/Yogdunana/deploypilot/internal/engine/builder/template.go:293.2,293.36 1 1
github.com/Yogdunana/deploypilot/internal/engine/builder/template.go:293.36,295.3 1 0
github.com/Yogdunana/deploypilot/internal/engine/builder/template.go:296.2,296.19 1 1
github.com/Yogdunana/deploypilot/internal/engine/builder/template.go:300.58,301.24 1 5
github.com/Yogdunana/deploypilot/internal/engine/builder/template.go:301.24,303.3 1 0
github.com/Yogdunana/deploypilot/internal/engine/builder/template.go:304.2,304.66 1 5
github.com/Yogdunana/deploypilot/internal/crypto/crypto.go:16.32,18.57 2 10
github.com/Yogdunana/deploypilot/internal/crypto/crypto.go:18.57,19.67 1 0
github.com/Yogdunana/deploypilot/internal/crypto/crypto.go:21.2,21.12 1 10
github.com/Yogdunana/deploypilot/internal/crypto/crypto.go:26.60,28.16 2 7
github.com/Yogdunana/deploypilot/internal/crypto/crypto.go:28.16,30.3 1 1
github.com/Yogdunana/deploypilot/internal/crypto/crypto.go:32.2,33.16 2 6
github.com/Yogdunana/deploypilot/internal/crypto/crypto.go:33.16,35.3 1 0
github.com/Yogdunana/deploypilot/internal/crypto/crypto.go:37.2,38.59 2 6
github.com/Yogdunana/deploypilot/internal/crypto/crypto.go:38.59,40.3 1 0
github.com/Yogdunana/deploypilot/internal/crypto/crypto.go:43.2,45.59 2 6
github.com/Yogdunana/deploypilot/internal/crypto/crypto.go:49.58,51.16 2 5
github.com/Yogdunana/deploypilot/internal/crypto/crypto.go:51.16,53.3 1 0
github.com/Yogdunana/deploypilot/internal/crypto/crypto.go:55.2,56.16 2 5
github.com/Yogdunana/deploypilot/internal/crypto/crypto.go:56.16,58.3 1 0
github.com/Yogdunana/deploypilot/internal/crypto/crypto.go:60.2,61.16 2 5
github.com/Yogdunana/deploypilot/internal/crypto/crypto.go:61.16,63.3 1 0
github.com/Yogdunana/deploypilot/internal/crypto/crypto.go:65.2,66.27 2 5
github.com/Yogdunana/deploypilot/internal/crypto/crypto.go:66.27,68.3 1 1
github.com/Yogdunana/deploypilot/internal/crypto/crypto.go:70.2,72.16 3 4
github.com/Yogdunana/deploypilot/internal/crypto/crypto.go:72.16,74.3 1 2
github.com/Yogdunana/deploypilot/internal/crypto/crypto.go:76.2,76.31 1 2
github.com/Yogdunana/deploypilot/internal/crypto/crypto.go:80.52,82.16 2 5
github.com/Yogdunana/deploypilot/internal/crypto/crypto.go:82.16,84.3 1 0
github.com/Yogdunana/deploypilot/internal/crypto/crypto.go:85.2,85.27 1 5
github.com/Yogdunana/deploypilot/internal/crypto/crypto.go:89.48,92.2 2 3
github.com/Yogdunana/deploypilot/internal/engine/detector/detector.go:76.42,78.2 1 13
github.com/Yogdunana/deploypilot/internal/engine/detector/detector.go:81.113,91.26 3 13
github.com/Yogdunana/deploypilot/internal/engine/detector/detector.go:91.26,94.3 1 12
github.com/Yogdunana/deploypilot/internal/engine/detector/detector.go:95.2,95.24 1 13
github.com/Yogdunana/deploypilot/internal/engine/detector/detector.go:95.24,97.30 1 8
github.com/Yogdunana/deploypilot/internal/engine/detector/detector.go:97.30,99.4 1 5
github.com/Yogdunana/deploypilot/internal/engine/detector/detector.go:101.2,101.27 1 13
github.com/Yogdunana/deploypilot/internal/engine/detector/detector.go:101.27,105.32 3 5
github.com/Yogdunana/deploypilot/internal/engine/detector/detector.go:105.32,107.22 2 6
github.com/Yogdunana/deploypilot/internal/engine/detector/detector.go:107.22,113.5 5 6
github.com/Yogdunana/deploypilot/internal/engine/detector/detector.go:115.3,115.12 1 5
github.com/Yogdunana/deploypilot/internal/engine/detector/detector.go:118.2,118.15 1 13
github.com/Yogdunana/deploypilot/internal/engine/detector/detector.go:121.39,126.2 1 13
github.com/Yogdunana/deploypilot/internal/engine/detector/detector.go:128.47,133.16 3 12
github.com/Yogdunana/deploypilot/internal/engine/detector/detector.go:133.16,136.3 2 8
github.com/Yogdunana/deploypilot/internal/engine/detector/detector.go:137.2,144.13 5 4
github.com/Yogdunana/deploypilot/internal/engine/detector/detector.go:147.51,154.16 3 5
github.com/Yogdunana/deploypilot/internal/engine/detector/detector.go:154.16,157.3 2 3
github.com/Yogdunana/deploypilot/internal/engine/detector/detector.go:157.8,159.3 1 2
github.com/Yogdunana/deploypilot/internal/engine/detector/detector.go:161.2,161.13 1 5
github.com/Yogdunana/deploypilot/internal/engine/detector/detector.go:164.79,170.41 3 6
github.com/Yogdunana/deploypilot/internal/engine/detector/detector.go:170.41,174.17 4 6
github.com/Yogdunana/deploypilot/internal/engine/detector/detector.go:174.17,177.4 2 3
github.com/Yogdunana/deploypilot/internal/engine/detector/detector.go:177.9,179.4 1 3
github.com/Yogdunana/deploypilot/internal/engine/detector/detector.go:180.3,180.14 1 6
github.com/Yogdunana/deploypilot/internal/engine/detector/detector.go:184.2,185.13 2 0
github.com/Yogdunana/deploypilot/internal/engine/detector/detector.go:189.38,195.21 4 1
github.com/Yogdunana/deploypilot/internal/engine/detector/detector.go:195.21,197.25 2 1
github.com/Yogdunana/deploypilot/internal/engine/detector/detector.go:197.25,199.25 2 1
github.com/Yogdunana/deploypilot/internal/engine/detector/detector.go:199.25,201.5 1 0
github.com/Yogdunana/deploypilot/internal/engine/detector/detector.go:203.3,203.54 1 1
github.com/Yogdunana/deploypilot/internal/engine/detector/detector.go:206.2,206.34 1 1
github.com/Yogdunana/deploypilot/internal/engine/detector/detector.go:206.34,208.16 2 0
github.com/Yogdunana/deploypilot/internal/engine/detector/detector.go:208.16,210.4 1 0
github.com/Yogdunana/deploypilot/internal/engine/detector/detector.go:211.3,211.60 1 0
github.com/Yogdunana/deploypilot/internal/engine/detector/detector.go:214.2,214.36 1 1
github.com/Yogdunana/deploypilot/internal/engine/detector/detector.go:214.36,216.18 2 0
github.com/Yogdunana/deploypilot/internal/engine/detector/detector.go:216.18,218.4 1 0
github.com/Yogdunana/deploypilot/internal/engine/detector/detector.go:219.3,219.63 1 0
github.com/Yogdunana/deploypilot/internal/engine/detector/detector.go:222.2,222.20 1 1
github.com/Yogdunana/deploypilot/internal/mcp/server.go:102.53,146.108 3 1
github.com/Yogdunana/deploypilot/internal/mcp/server.go:146.108,148.3 1 0
github.com/Yogdunana/deploypilot/internal/mcp/server.go:151.2,159.108 2 1
github.com/Yogdunana/deploypilot/internal/mcp/server.go:159.108,161.3 1 0
github.com/Yogdunana/deploypilot/internal/mcp/server.go:164.2,168.110 2 1
github.com/Yogdunana/deploypilot/internal/mcp/server.go:168.110,170.3 1 0
github.com/Yogdunana/deploypilot/internal/mcp/server.go:173.2,177.113 2 1
github.com/Yogdunana/deploypilot/internal/mcp/server.go:177.113,179.3 1 0
github.com/Yogdunana/deploypilot/internal/mcp/server.go:182.2,209.111 2 1
github.com/Yogdunana/deploypilot/internal/mcp/server.go:209.111,211.3 1 0
github.com/Yogdunana/deploypilot/internal/mcp/server.go:214.2,222.111 2 1
github.com/Yogdunana/deploypilot/internal/mcp/server.go:222.111,224.3 1 0
github.com/Yogdunana/deploypilot/internal/mcp/server.go:227.2,239.110 2 1
github.com/Yogdunana/deploypilot/internal/mcp/server.go:239.110,241.3 1 0
github.com/Yogdunana/deploypilot/internal/mcp/server.go:244.2,252.108 2 1
github.com/Yogdunana/deploypilot/internal/mcp/server.go:252.108,254.3 1 0
github.com/Yogdunana/deploypilot/internal/mcp/server.go:257.2,265.109 2 1
github.com/Yogdunana/deploypilot/internal/mcp/server.go:265.109,267.3 1 0
github.com/Yogdunana/deploypilot/internal/mcp/server.go:270.2,281.109 2 1
github.com/Yogdunana/deploypilot/internal/mcp/server.go:281.109,283.3 1 0
github.com/Yogdunana/deploypilot/internal/mcp/server.go:286.2,299.111 2 1
github.com/Yogdunana/deploypilot/internal/mcp/server.go:299.111,301.3 1 0
github.com/Yogdunana/deploypilot/internal/mcp/server.go:304.2,315.113 2 1
github.com/Yogdunana/deploypilot/internal/mcp/server.go:315.113,317.3 1 0
github.com/Yogdunana/deploypilot/internal/mcp/server.go:320.2,327.111 2 1
github.com/Yogdunana/deploypilot/internal/mcp/server.go:327.111,329.3 1 0
github.com/Yogdunana/deploypilot/internal/mcp/server.go:332.2,336.114 2 1
github.com/Yogdunana/deploypilot/internal/mcp/server.go:336.114,338.3 1 0
github.com/Yogdunana/deploypilot/internal/mcp/server.go:341.2,345.112 2 1
github.com/Yogdunana/deploypilot/internal/mcp/server.go:345.112,347.3 1 0
github.com/Yogdunana/deploypilot/internal/mcp/server.go:350.2,357.112 2 1
github.com/Yogdunana/deploypilot/internal/mcp/server.go:357.112,359.3 1 0
github.com/Yogdunana/deploypilot/internal/mcp/server.go:362.2,366.111 2 1
github.com/Yogdunana/deploypilot/internal/mcp/server.go:366.111,368.3 1 0
github.com/Yogdunana/deploypilot/internal/mcp/server.go:371.2,375.112 2 1
github.com/Yogdunana/deploypilot/internal/mcp/server.go:375.112,377.3 1 0
github.com/Yogdunana/deploypilot/internal/mcp/server.go:380.2,387.111 2 1
github.com/Yogdunana/deploypilot/internal/mcp/server.go:387.111,389.3 1 0
github.com/Yogdunana/deploypilot/internal/mcp/server.go:392.2,396.111 2 1
github.com/Yogdunana/deploypilot/internal/mcp/server.go:396.111,398.3 1 0
github.com/Yogdunana/deploypilot/internal/mcp/server.go:401.2,405.109 2 1
github.com/Yogdunana/deploypilot/internal/mcp/server.go:405.109,407.3 1 0
github.com/Yogdunana/deploypilot/internal/mcp/server.go:410.2,418.112 2 1
github.com/Yogdunana/deploypilot/internal/mcp/server.go:418.112,420.3 1 0
github.com/Yogdunana/deploypilot/internal/mcp/server.go:423.2,426.110 2 1
github.com/Yogdunana/deploypilot/internal/mcp/server.go:426.110,428.3 1 0
github.com/Yogdunana/deploypilot/internal/mcp/server.go:431.2,435.109 2 1
github.com/Yogdunana/deploypilot/internal/mcp/server.go:435.109,437.3 1 0
github.com/Yogdunana/deploypilot/internal/mcp/server.go:440.2,444.114 2 1
github.com/Yogdunana/deploypilot/internal/mcp/server.go:444.114,446.3 1 0
github.com/Yogdunana/deploypilot/internal/mcp/server.go:449.2,454.111 2 1
github.com/Yogdunana/deploypilot/internal/mcp/server.go:454.111,456.3 1 0
github.com/Yogdunana/deploypilot/internal/mcp/server.go:459.2,463.115 2 1
github.com/Yogdunana/deploypilot/internal/mcp/server.go:463.115,465.3 1 0
github.com/Yogdunana/deploypilot/internal/mcp/server.go:468.2,473.111 2 1
github.com/Yogdunana/deploypilot/internal/mcp/server.go:473.111,475.3 1 0
github.com/Yogdunana/deploypilot/internal/mcp/server.go:478.2,484.112 2 1
github.com/Yogdunana/deploypilot/internal/mcp/server.go:484.112,486.3 1 0
github.com/Yogdunana/deploypilot/internal/mcp/server.go:489.2,496.111 2 1
github.com/Yogdunana/deploypilot/internal/mcp/server.go:496.111,498.3 1 0
github.com/Yogdunana/deploypilot/internal/mcp/server.go:501.2,506.112 2 1
github.com/Yogdunana/deploypilot/internal/mcp/server.go:506.112,508.3 1 0
github.com/Yogdunana/deploypilot/internal/mcp/server.go:511.2,516.111 2 1
github.com/Yogdunana/deploypilot/internal/mcp/server.go:516.111,518.3 1 0
github.com/Yogdunana/deploypilot/internal/mcp/server.go:521.2,525.116 2 1
github.com/Yogdunana/deploypilot/internal/mcp/server.go:525.116,527.3 1 0
github.com/Yogdunana/deploypilot/internal/mcp/server.go:530.2,534.113 2 1
github.com/Yogdunana/deploypilot/internal/mcp/server.go:534.113,536.3 1 0
github.com/Yogdunana/deploypilot/internal/mcp/server.go:539.2,543.113 2 1
github.com/Yogdunana/deploypilot/internal/mcp/server.go:543.113,545.3 1 0
github.com/Yogdunana/deploypilot/internal/mcp/server.go:548.2,552.110 2 1
github.com/Yogdunana/deploypilot/internal/mcp/server.go:552.110,554.3 1 0
github.com/Yogdunana/deploypilot/internal/mcp/server.go:557.2,560.116 2 1
github.com/Yogdunana/deploypilot/internal/mcp/server.go:560.116,562.3 1 0
github.com/Yogdunana/deploypilot/internal/mcp/server.go:564.2,564.10 1 1
github.com/Yogdunana/deploypilot/internal/mcp/server.go:567.120,569.16 2 7
github.com/Yogdunana/deploypilot/internal/mcp/server.go:569.16,571.3 1 1
github.com/Yogdunana/deploypilot/internal/mcp/server.go:573.2,574.16 2 6
github.com/Yogdunana/deploypilot/internal/mcp/server.go:574.16,576.3 1 1
github.com/Yogdunana/deploypilot/internal/mcp/server.go:578.2,583.50 2 5
github.com/Yogdunana/deploypilot/internal/mcp/server.go:583.50,585.3 1 1
github.com/Yogdunana/deploypilot/internal/mcp/server.go:586.2,586.59 1 5
github.com/Yogdunana/deploypilot/internal/mcp/server.go:586.59,588.3 1 0
github.com/Yogdunana/deploypilot/internal/mcp/server.go:589.2,589.52 1 5
github.com/Yogdunana/deploypilot/internal/mcp/server.go:589.52,591.3 1 0
github.com/Yogdunana/deploypilot/internal/mcp/server.go:592.2,592.52 1 5
github.com/Yogdunana/deploypilot/internal/mcp/server.go:592.52,594.3 1 0
github.com/Yogdunana/deploypilot/internal/mcp/server.go:595.2,595.48 1 5
github.com/Yogdunana/deploypilot/internal/mcp/server.go:595.48,597.3 1 0
github.com/Yogdunana/deploypilot/internal/mcp/server.go:598.2,598.51 1 5
github.com/Yogdunana/deploypilot/internal/mcp/server.go:598.51,600.3 1 0
github.com/Yogdunana/deploypilot/internal/mcp/server.go:603.2,603.63 1 5
github.com/Yogdunana/deploypilot/internal/mcp/server.go:603.63,605.66 2 2
github.com/Yogdunana/deploypilot/internal/mcp/server.go:605.66,607.4 1 1
github.com/Yogdunana/deploypilot/internal/mcp/server.go:608.3,608.24 1 1
github.com/Yogdunana/deploypilot/internal/mcp/server.go:612.2,612.67 1 4
github.com/Yogdunana/deploypilot/internal/mcp/server.go:612.67,614.68 2 1
github.com/Yogdunana/deploypilot/internal/mcp/server.go:614.68,616.4 1 0
github.com/Yogdunana/deploypilot/internal/mcp/server.go:617.3,617.22 1 1
github.com/Yogdunana/deploypilot/internal/mcp/server.go:620.2,621.16 2 4
github.com/Yogdunana/deploypilot/internal/mcp/server.go:621.16,623.3 1 1
github.com/Yogdunana/deploypilot/internal/mcp/server.go:625.2,637.49 3 3
github.com/Yogdunana/deploypilot/internal/mcp/server.go:640.113,642.16 2 3
github.com/Yogdunana/deploypilot/internal/mcp/server.go:642.16,644.3 1 1
github.com/Yogdunana/deploypilot/internal/mcp/server.go:646.2,653.49 3 2
github.com/Yogdunana/deploypilot/internal/mcp/server.go:656.116,658.16 2 3
github.com/Yogdunana/deploypilot/internal/mcp/server.go:658.16,660.3 1 1
github.com/Yogdunana/deploypilot/internal/mcp/server.go:662.2,669.49 3 2
github.com/Yogdunana/deploypilot/internal/mcp/server.go:672.120,674.16 2 5
github.com/Yogdunana/deploypilot/internal/mcp/server.go:674.16,676.3 1 1
github.com/Yogdunana/deploypilot/internal/mcp/server.go:678.2,679.16 2 4
github.com/Yogdunana/deploypilot/internal/mcp/server.go:679.16,681.3 1 1
github.com/Yogdunana/deploypilot/internal/mcp/server.go:683.2,694.16 3 3
github.com/Yogdunana/deploypilot/internal/mcp/server.go:694.16,696.3 1 1
github.com/Yogdunana/deploypilot/internal/mcp/server.go:698.2,709.49 3 2
github.com/Yogdunana/deploypilot/internal/mcp/server.go:712.120,714.16 2 3
github.com/Yogdunana/deploypilot/internal/mcp/server.go:714.16,716.3 1 1
github.com/Yogdunana/deploypilot/internal/mcp/server.go:718.2,718.55 1 2
github.com/Yogdunana/deploypilot/internal/mcp/server.go:718.55,720.3 1 1
github.com/Yogdunana/deploypilot/internal/mcp/server.go:722.2,728.49 3 1
github.com/Yogdunana/deploypilot/internal/mcp/server.go:731.119,733.16 2 3
github.com/Yogdunana/deploypilot/internal/mcp/server.go:733.16,735.3 1 1
github.com/Yogdunana/deploypilot/internal/mcp/server.go:737.2,738.16 2 2
github.com/Yogdunana/deploypilot/internal/mcp/server.go:738.16,740.3 1 0
github.com/Yogdunana/deploypilot/internal/mcp/server.go:742.2,743.16 2 2
github.com/Yogdunana/deploypilot/internal/mcp/server.go:743.16,745.3 1 1
github.com/Yogdunana/deploypilot/internal/mcp/server.go:747.2,759.49 3 1
github.com/Yogdunana/deploypilot/internal/mcp/server.go:762.117,764.16 2 3
github.com/Yogdunana/deploypilot/internal/mcp/server.go:764.16,766.3 1 1
github.com/Yogdunana/deploypilot/internal/mcp/server.go:768.2,769.16 2 2
github.com/Yogdunana/deploypilot/internal/mcp/server.go:769.16,771.3 1 1
github.com/Yogdunana/deploypilot/internal/mcp/server.go:773.2,782.49 3 1
github.com/Yogdunana/deploypilot/internal/mcp/server.go:785.118,787.16 2 3
github.com/Yogdunana/deploypilot/internal/mcp/server.go:787.16,789.3 1 1
github.com/Yogdunana/deploypilot/internal/mcp/server.go:791.2,792.16 2 2
github.com/Yogdunana/deploypilot/internal/mcp/server.go:792.16,794.3 1 1
github.com/Yogdunana/deploypilot/internal/mcp/server.go:796.2,808.49 3 1
github.com/Yogdunana/deploypilot/internal/mcp/server.go:811.121,813.16 2 3
github.com/Yogdunana/deploypilot/internal/mcp/server.go:813.16,815.3 1 1
github.com/Yogdunana/deploypilot/internal/mcp/server.go:817.2,818.49 2 2
github.com/Yogdunana/deploypilot/internal/mcp/server.go:818.49,820.3 1 0
github.com/Yogdunana/deploypilot/internal/mcp/server.go:822.2,823.16 2 2
github.com/Yogdunana/deploypilot/internal/mcp/server.go:823.16,825.3 1 1
github.com/Yogdunana/deploypilot/internal/mcp/server.go:827.2,835.49 3 1
github.com/Yogdunana/deploypilot/internal/mcp/server.go:838.120,840.51 2 3
github.com/Yogdunana/deploypilot/internal/mcp/server.go:840.51,842.3 1 3
github.com/Yogdunana/deploypilot/internal/mcp/server.go:844.2,845.50 2 3
github.com/Yogdunana/deploypilot/internal/mcp/server.go:845.50,846.44 1 1
github.com/Yogdunana/deploypilot/internal/mcp/server.go:846.44,849.57 3 2
github.com/Yogdunana/deploypilot/internal/mcp/server.go:849.57,851.5 1 2
github.com/Yogdunana/deploypilot/internal/mcp/server.go:855.2,856.53 2 3
github.com/Yogdunana/deploypilot/internal/mcp/server.go:856.53,858.27 2 0
github.com/Yogdunana/deploypilot/internal/mcp/server.go:858.27,860.4 1 0
github.com/Yogdunana/deploypilot/internal/mcp/server.go:863.2,864.16 2 3
github.com/Yogdunana/deploypilot/internal/mcp/server.go:864.16,866.3 1 1
github.com/Yogdunana/deploypilot/internal/mcp/server.go:868.2,874.49 3 2
github.com/Yogdunana/deploypilot/internal/mcp/server.go:877.122,879.16 2 4
github.com/Yogdunana/deploypilot/internal/mcp/server.go:879.16,881.3 1 1
github.com/Yogdunana/deploypilot/internal/mcp/server.go:883.2,886.16 3 3
github.com/Yogdunana/deploypilot/internal/mcp/server.go:886.16,888.3 1 1
github.com/Yogdunana/deploypilot/internal/mcp/server.go:890.2,896.49 3 2
github.com/Yogdunana/deploypilot/internal/mcp/server.go:899.120,901.16 2 3
github.com/Yogdunana/deploypilot/internal/mcp/server.go:901.16,903.3 1 1
github.com/Yogdunana/deploypilot/internal/mcp/server.go:904.2,905.16 2 2
github.com/Yogdunana/deploypilot/internal/mcp/server.go:905.16,907.3 1 0
github.com/Yogdunana/deploypilot/internal/mcp/server.go:909.2,910.51 2 2
github.com/Yogdunana/deploypilot/internal/mcp/server.go:910.51,912.3 1 2
github.com/Yogdunana/deploypilot/internal/mcp/server.go:913.2,916.16 3 2
github.com/Yogdunana/deploypilot/internal/mcp/server.go:916.16,918.3 1 1
github.com/Yogdunana/deploypilot/internal/mcp/server.go:920.2,932.49 3 1
github.com/Yogdunana/deploypilot/internal/mcp/server.go:935.123,937.16 2 2
github.com/Yogdunana/deploypilot/internal/mcp/server.go:937.16,939.3 1 1
github.com/Yogdunana/deploypilot/internal/mcp/server.go:941.2,941.61 1 1
github.com/Yogdunana/deploypilot/internal/mcp/server.go:941.61,943.3 1 0
github.com/Yogdunana/deploypilot/internal/mcp/server.go:945.2,950.49 3 1
github.com/Yogdunana/deploypilot/internal/mcp/server.go:953.121,955.16 2 2
github.com/Yogdunana/deploypilot/internal/mcp/server.go:955.16,957.3 1 0
github.com/Yogdunana/deploypilot/internal/mcp/server.go:959.2,960.16 2 2
github.com/Yogdunana/deploypilot/internal/mcp/server.go:960.16,962.3 1 1
github.com/Yogdunana/deploypilot/internal/mcp/server.go:964.2,969.49 3 1
github.com/Yogdunana/deploypilot/internal/mcp/server.go:972.127,974.16 2 3
github.com/Yogdunana/deploypilot/internal/mcp/server.go:974.16,976.3 1 0
github.com/Yogdunana/deploypilot/internal/mcp/server.go:977.2,978.16 2 3
github.com/Yogdunana/deploypilot/internal/mcp/server.go:978.16,980.3 1 1
github.com/Yogdunana/deploypilot/internal/mcp/server.go:981.2,982.16 2 2
github.com/Yogdunana/deploypilot/internal/mcp/server.go:982.16,984.3 1 0
github.com/Yogdunana/deploypilot/internal/mcp/server.go:985.2,986.16 2 2
github.com/Yogdunana/deploypilot/internal/mcp/server.go:986.16,988.3 1 0
github.com/Yogdunana/deploypilot/internal/mcp/server.go:990.2,991.16 2 2
github.com/Yogdunana/deploypilot/internal/mcp/server.go:991.16,993.3 1 1
github.com/Yogdunana/deploypilot/internal/mcp/server.go:995.2,1001.49 3 1
github.com/Yogdunana/deploypilot/internal/mcp/server.go:1004.126,1006.16 2 2
github.com/Yogdunana/deploypilot/internal/mcp/server.go:1006.16,1008.3 1 0
github.com/Yogdunana/deploypilot/internal/mcp/server.go:1010.2,1011.16 2 2
github.com/Yogdunana/deploypilot/internal/mcp/server.go:1011.16,1013.3 1 1
github.com/Yogdunana/deploypilot/internal/mcp/server.go:1015.2,1020.49 3 1
github.com/Yogdunana/deploypilot/internal/mcp/server.go:1023.127,1025.16 2 3
github.com/Yogdunana/deploypilot/internal/mcp/server.go:1025.16,1027.3 1 1
github.com/Yogdunana/deploypilot/internal/mcp/server.go:1029.2,1029.63 1 2
github.com/Yogdunana/deploypilot/internal/mcp/server.go:1029.63,1031.3 1 1
github.com/Yogdunana/deploypilot/internal/mcp/server.go:1033.2,1038.49 3 1
github.com/Yogdunana/deploypilot/internal/mcp/server.go:1041.126,1047.67 5 3
github.com/Yogdunana/deploypilot/internal/mcp/server.go:1047.67,1049.3 1 1
github.com/Yogdunana/deploypilot/internal/mcp/server.go:1051.2,1052.16 2 2
github.com/Yogdunana/deploypilot/internal/mcp/server.go:1052.16,1054.3 1 1
github.com/Yogdunana/deploypilot/internal/mcp/server.go:1056.2,1058.49 3 1
github.com/Yogdunana/deploypilot/internal/mcp/server.go:1061.126,1063.16 2 2
github.com/Yogdunana/deploypilot/internal/mcp/server.go:1063.16,1065.3 1 1
github.com/Yogdunana/deploypilot/internal/mcp/server.go:1067.2,1067.64 1 1
github.com/Yogdunana/deploypilot/internal/mcp/server.go:1067.64,1069.3 1 0
github.com/Yogdunana/deploypilot/internal/mcp/server.go:1071.2,1073.49 3 1
github.com/Yogdunana/deploypilot/internal/mcp/server.go:1076.125,1078.16 2 2
github.com/Yogdunana/deploypilot/internal/mcp/server.go:1078.16,1080.3 1 0
github.com/Yogdunana/deploypilot/internal/mcp/server.go:1082.2,1083.16 2 2
github.com/Yogdunana/deploypilot/internal/mcp/server.go:1083.16,1085.3 1 1
github.com/Yogdunana/deploypilot/internal/mcp/server.go:1087.2,1089.49 3 1
github.com/Yogdunana/deploypilot/internal/mcp/server.go:1092.127,1094.16 2 3
github.com/Yogdunana/deploypilot/internal/mcp/server.go:1094.16,1096.3 1 1
github.com/Yogdunana/deploypilot/internal/mcp/server.go:1097.2,1103.16 6 2
github.com/Yogdunana/deploypilot/internal/mcp/server.go:1103.16,1105.3 1 1
github.com/Yogdunana/deploypilot/internal/mcp/server.go:1107.2,1109.49 3 1
github.com/Yogdunana/deploypilot/internal/mcp/server.go:1112.124,1114.16 2 2
github.com/Yogdunana/deploypilot/internal/mcp/server.go:1114.16,1116.3 1 1
github.com/Yogdunana/deploypilot/internal/mcp/server.go:1118.2,1120.49 3 1
github.com/Yogdunana/deploypilot/internal/mcp/server.go:1123.122,1125.16 2 3
github.com/Yogdunana/deploypilot/internal/mcp/server.go:1125.16,1127.3 1 1
github.com/Yogdunana/deploypilot/internal/mcp/server.go:1129.2,1130.16 2 2
github.com/Yogdunana/deploypilot/internal/mcp/server.go:1130.16,1132.3 1 1
github.com/Yogdunana/deploypilot/internal/mcp/server.go:1134.2,1136.49 3 1
github.com/Yogdunana/deploypilot/internal/mcp/server.go:1139.123,1141.16 2 3
github.com/Yogdunana/deploypilot/internal/mcp/server.go:1141.16,1143.3 1 1
github.com/Yogdunana/deploypilot/internal/mcp/server.go:1145.2,1146.16 2 2
github.com/Yogdunana/deploypilot/internal/mcp/server.go:1146.16,1148.3 1 1
github.com/Yogdunana/deploypilot/internal/mcp/server.go:1150.2,1152.49 3 1
github.com/Yogdunana/deploypilot/internal/mcp/server.go:1155.120,1157.16 2 3
github.com/Yogdunana/deploypilot/internal/mcp/server.go:1157.16,1159.3 1 1
github.com/Yogdunana/deploypilot/internal/mcp/server.go:1160.2,1161.16 2 2
github.com/Yogdunana/deploypilot/internal/mcp/server.go:1161.16,1163.3 1 0
github.com/Yogdunana/deploypilot/internal/mcp/server.go:1165.2,1166.67 2 2
github.com/Yogdunana/deploypilot/internal/mcp/server.go:1166.67,1168.3 1 0
github.com/Yogdunana/deploypilot/internal/mcp/server.go:1170.2,1171.16 2 2
github.com/Yogdunana/deploypilot/internal/mcp/server.go:1171.16,1173.3 1 1
github.com/Yogdunana/deploypilot/internal/mcp/server.go:1175.2,1177.49 3 1
github.com/Yogdunana/deploypilot/internal/mcp/server.go:1180.124,1182.16 2 3
github.com/Yogdunana/deploypilot/internal/mcp/server.go:1182.16,1184.3 1 1
github.com/Yogdunana/deploypilot/internal/mcp/server.go:1186.2,1187.16 2 2
github.com/Yogdunana/deploypilot/internal/mcp/server.go:1187.16,1189.3 1 1
github.com/Yogdunana/deploypilot/internal/mcp/server.go:1191.2,1193.49 3 1
github.com/Yogdunana/deploypilot/internal/mcp/server.go:1196.120,1198.52 2 3
github.com/Yogdunana/deploypilot/internal/mcp/server.go:1198.52,1200.3 1 3
github.com/Yogdunana/deploypilot/internal/mcp/server.go:1201.2,1204.16 3 3
github.com/Yogdunana/deploypilot/internal/mcp/server.go:1204.16,1206.3 1 1
github.com/Yogdunana/deploypilot/internal/mcp/server.go:1208.2,1210.49 3 2
github.com/Yogdunana/deploypilot/internal/mcp/server.go:1213.124,1215.16 2 3
github.com/Yogdunana/deploypilot/internal/mcp/server.go:1215.16,1217.3 1 1
github.com/Yogdunana/deploypilot/internal/mcp/server.go:1218.2,1219.16 2 2
github.com/Yogdunana/deploypilot/internal/mcp/server.go:1219.16,1221.3 1 0
github.com/Yogdunana/deploypilot/internal/mcp/server.go:1222.2,1223.52 2 2
github.com/Yogdunana/deploypilot/internal/mcp/server.go:1223.52,1225.3 1 2
github.com/Yogdunana/deploypilot/internal/mcp/server.go:1226.2,1227.16 2 2
github.com/Yogdunana/deploypilot/internal/mcp/server.go:1227.16,1229.3 1 1
github.com/Yogdunana/deploypilot/internal/mcp/server.go:1230.2,1232.49 3 1
github.com/Yogdunana/deploypilot/internal/mcp/server.go:1235.126,1240.75 5 3
github.com/Yogdunana/deploypilot/internal/mcp/server.go:1240.75,1242.3 1 1
github.com/Yogdunana/deploypilot/internal/mcp/server.go:1243.2,1244.16 2 2
github.com/Yogdunana/deploypilot/internal/mcp/server.go:1244.16,1246.3 1 1
github.com/Yogdunana/deploypilot/internal/mcp/server.go:1247.2,1249.49 3 1
github.com/Yogdunana/deploypilot/internal/mcp/server.go:1252.127,1254.16 2 3
github.com/Yogdunana/deploypilot/internal/mcp/server.go:1254.16,1256.3 1 1
github.com/Yogdunana/deploypilot/internal/mcp/server.go:1257.2,1258.16 2 2
github.com/Yogdunana/deploypilot/internal/mcp/server.go:1258.16,1260.3 1 0
github.com/Yogdunana/deploypilot/internal/mcp/server.go:1261.2,1262.16 2 2
github.com/Yogdunana/deploypilot/internal/mcp/server.go:1262.16,1264.3 1 1
github.com/Yogdunana/deploypilot/internal/mcp/server.go:1265.2,1267.49 3 1
github.com/Yogdunana/deploypilot/internal/mcp/server.go:1270.123,1272.16 2 3
github.com/Yogdunana/deploypilot/internal/mcp/server.go:1272.16,1274.3 1 1
github.com/Yogdunana/deploypilot/internal/mcp/server.go:1275.2,1276.16 2 2
github.com/Yogdunana/deploypilot/internal/mcp/server.go:1276.16,1278.3 1 0
github.com/Yogdunana/deploypilot/internal/mcp/server.go:1279.2,1280.67 2 2
github.com/Yogdunana/deploypilot/internal/mcp/server.go:1280.67,1282.3 1 0
github.com/Yogdunana/deploypilot/internal/mcp/server.go:1283.2,1284.16 2 2
github.com/Yogdunana/deploypilot/internal/mcp/server.go:1284.16,1286.3 1 1
github.com/Yogdunana/deploypilot/internal/mcp/server.go:1287.2,1289.49 3 1
github.com/Yogdunana/deploypilot/internal/mcp/server.go:1292.131,1294.16 2 2
github.com/Yogdunana/deploypilot/internal/mcp/server.go:1294.16,1296.3 1 0
github.com/Yogdunana/deploypilot/internal/mcp/server.go:1297.2,1298.70 2 2
github.com/Yogdunana/deploypilot/internal/mcp/server.go:1298.70,1300.3 1 0
github.com/Yogdunana/deploypilot/internal/mcp/server.go:1301.2,1302.16 2 2
github.com/Yogdunana/deploypilot/internal/mcp/server.go:1302.16,1304.3 1 1
github.com/Yogdunana/deploypilot/internal/mcp/server.go:1305.2,1307.49 3 1
github.com/Yogdunana/deploypilot/internal/mcp/server.go:1310.122,1312.16 2 3
github.com/Yogdunana/deploypilot/internal/mcp/server.go:1312.16,1314.3 1 0
github.com/Yogdunana/deploypilot/internal/mcp/server.go:1315.2,1316.63 2 3
github.com/Yogdunana/deploypilot/internal/mcp/server.go:1316.63,1318.3 1 1
github.com/Yogdunana/deploypilot/internal/mcp/server.go:1319.2,1320.16 2 2
github.com/Yogdunana/deploypilot/internal/mcp/server.go:1320.16,1322.3 1 1
github.com/Yogdunana/deploypilot/internal/mcp/server.go:1323.2,1325.49 3 1
github.com/Yogdunana/deploypilot/internal/mcp/server.go:1328.122,1330.16 2 3
github.com/Yogdunana/deploypilot/internal/mcp/server.go:1330.16,1332.3 1 0
github.com/Yogdunana/deploypilot/internal/mcp/server.go:1333.2,1334.67 2 3
github.com/Yogdunana/deploypilot/internal/mcp/server.go:1334.67,1336.3 1 1
github.com/Yogdunana/deploypilot/internal/mcp/server.go:1337.2,1338.16 2 2
github.com/Yogdunana/deploypilot/internal/mcp/server.go:1338.16,1340.3 1 1
github.com/Yogdunana/deploypilot/internal/mcp/server.go:1341.2,1343.49 3 1
github.com/Yogdunana/deploypilot/internal/mcp/server.go:1346.119,1348.16 2 3
github.com/Yogdunana/deploypilot/internal/mcp/server.go:1348.16,1350.3 1 0
github.com/Yogdunana/deploypilot/internal/mcp/server.go:1351.2,1352.69 2 3
github.com/Yogdunana/deploypilot/internal/mcp/server.go:1352.69,1354.3 1 1
github.com/Yogdunana/deploypilot/internal/mcp/server.go:1355.2,1356.16 2 2
github.com/Yogdunana/deploypilot/internal/mcp/server.go:1356.16,1358.3 1 1
github.com/Yogdunana/deploypilot/internal/mcp/server.go:1359.2,1361.49 3 1
github.com/Yogdunana/deploypilot/internal/mcp/server.go:1364.128,1366.16 2 2
github.com/Yogdunana/deploypilot/internal/mcp/server.go:1366.16,1368.3 1 1
github.com/Yogdunana/deploypilot/internal/mcp/server.go:1369.2,1371.49 3 1
github.com/Yogdunana/deploypilot/internal/mcp/server.go:1374.126,1376.16 2 3
github.com/Yogdunana/deploypilot/internal/mcp/server.go:1376.16,1378.3 1 1
github.com/Yogdunana/deploypilot/internal/mcp/server.go:1380.2,1381.16 2 2
github.com/Yogdunana/deploypilot/internal/mcp/server.go:1381.16,1383.3 1 1
github.com/Yogdunana/deploypilot/internal/mcp/server.go:1385.2,1396.49 3 1
github.com/Yogdunana/deploypilot/internal/model/credential.go:25.41,28.2 2 12
github.com/Yogdunana/deploypilot/internal/model/credential.go:31.23,32.24 1 30
github.com/Yogdunana/deploypilot/internal/model/credential.go:32.24,33.64 1 1
github.com/Yogdunana/deploypilot/internal/model/credential.go:35.2,35.20 1 29
github.com/Yogdunana/deploypilot/internal/model/credential.go:39.25,40.31 1 1
github.com/Yogdunana/deploypilot/internal/model/credential.go:40.31,41.70 1 1
github.com/Yogdunana/deploypilot/internal/model/credential.go:43.2,43.24 1 0
github.com/Yogdunana/deploypilot/internal/model/credential.go:47.113,49.16 2 12
github.com/Yogdunana/deploypilot/internal/model/credential.go:49.16,51.3 1 0
github.com/Yogdunana/deploypilot/internal/model/credential.go:53.2,62.25 3 12
github.com/Yogdunana/deploypilot/internal/model/credential.go:62.25,64.3 1 0
github.com/Yogdunana/deploypilot/internal/model/credential.go:66.2,69.8 1 12
github.com/Yogdunana/deploypilot/internal/model/credential.go:73.76,76.25 3 8
github.com/Yogdunana/deploypilot/internal/model/credential.go:76.25,78.3 1 3
github.com/Yogdunana/deploypilot/internal/model/credential.go:80.2,81.16 2 5
github.com/Yogdunana/deploypilot/internal/model/credential.go:81.16,83.3 1 0
github.com/Yogdunana/deploypilot/internal/model/credential.go:85.2,88.8 1 5
github.com/Yogdunana/deploypilot/internal/model/credential.go:92.61,95.25 3 3
github.com/Yogdunana/deploypilot/internal/model/credential.go:95.25,97.3 1 0
github.com/Yogdunana/deploypilot/internal/model/credential.go:98.2,98.19 1 3
github.com/Yogdunana/deploypilot/internal/model/credential.go:102.40,104.25 2 3
github.com/Yogdunana/deploypilot/internal/model/credential.go:104.25,106.3 1 0
github.com/Yogdunana/deploypilot/internal/model/credential.go:107.2,107.30 1 3
github.com/Yogdunana/deploypilot/internal/model/credential.go:107.30,109.3 1 1
github.com/Yogdunana/deploypilot/internal/model/credential.go:110.2,110.12 1 2
github.com/Yogdunana/deploypilot/internal/model/credential.go:114.94,116.16 2 3
github.com/Yogdunana/deploypilot/internal/model/credential.go:116.16,118.3 1 0
github.com/Yogdunana/deploypilot/internal/model/credential.go:120.2,124.25 2 3
github.com/Yogdunana/deploypilot/internal/model/credential.go:124.25,126.3 1 0
github.com/Yogdunana/deploypilot/internal/model/credential.go:127.2,127.30 1 3
github.com/Yogdunana/deploypilot/internal/model/credential.go:127.30,129.3 1 1
github.com/Yogdunana/deploypilot/internal/model/credential.go:131.2,131.34 1 2
github.com/Yogdunana/deploypilot/internal/model/credential.go:135.28,139.2 3 3
github.com/Yogdunana/deploypilot/internal/model/model.go:17.34,17.54 1 13
github.com/Yogdunana/deploypilot/internal/model/model.go:27.32,27.50 1 1
github.com/Yogdunana/deploypilot/internal/model/model.go:44.32,44.50 1 1
github.com/Yogdunana/deploypilot/internal/model/model.go:66.34,66.54 1 1
github.com/Yogdunana/deploypilot/internal/model/model.go:91.31,91.48 1 1
github.com/Yogdunana/deploypilot/internal/model/model.go:106.38,106.62 1 13
github.com/Yogdunana/deploypilot/internal/model/model.go:122.36,122.58 1 1
github.com/Yogdunana/deploypilot/internal/provider/dns/dns.go:39.79,48.2 1 16
github.com/Yogdunana/deploypilot/internal/provider/dns/dns.go:51.53,53.2 1 15
github.com/Yogdunana/deploypilot/internal/provider/dns/dns.go:56.86,58.16 2 6
github.com/Yogdunana/deploypilot/internal/provider/dns/dns.go:58.16,60.3 1 3
github.com/Yogdunana/deploypilot/internal/provider/dns/dns.go:62.2,72.16 4 3
github.com/Yogdunana/deploypilot/internal/provider/dns/dns.go:72.16,74.3 1 0
github.com/Yogdunana/deploypilot/internal/provider/dns/dns.go:75.2,77.38 2 3
github.com/Yogdunana/deploypilot/internal/provider/dns/dns.go:77.38,80.3 2 0
github.com/Yogdunana/deploypilot/internal/provider/dns/dns.go:82.2,82.12 1 3
github.com/Yogdunana/deploypilot/internal/provider/dns/dns.go:86.86,88.16 2 2
github.com/Yogdunana/deploypilot/internal/provider/dns/dns.go:88.16,90.3 1 0
github.com/Yogdunana/deploypilot/internal/provider/dns/dns.go:92.2,93.16 2 2
github.com/Yogdunana/deploypilot/internal/provider/dns/dns.go:93.16,95.3 1 1
github.com/Yogdunana/deploypilot/internal/provider/dns/dns.go:97.2,107.16 4 1
github.com/Yogdunana/deploypilot/internal/provider/dns/dns.go:107.16,109.3 1 0
github.com/Yogdunana/deploypilot/internal/provider/dns/dns.go:110.2,112.38 2 1
github.com/Yogdunana/deploypilot/internal/provider/dns/dns.go:112.38,115.3 2 0
github.com/Yogdunana/deploypilot/internal/provider/dns/dns.go:117.2,117.12 1 1
github.com/Yogdunana/deploypilot/internal/provider/dns/dns.go:121.103,123.16 2 2
github.com/Yogdunana/deploypilot/internal/provider/dns/dns.go:123.16,125.3 1 0
github.com/Yogdunana/deploypilot/internal/provider/dns/dns.go:127.2,128.16 2 2
github.com/Yogdunana/deploypilot/internal/provider/dns/dns.go:128.16,130.3 1 1
github.com/Yogdunana/deploypilot/internal/provider/dns/dns.go:132.2,134.16 3 1
github.com/Yogdunana/deploypilot/internal/provider/dns/dns.go:134.16,136.3 1 0
github.com/Yogdunana/deploypilot/internal/provider/dns/dns.go:137.2,139.38 2 1
github.com/Yogdunana/deploypilot/internal/provider/dns/dns.go:139.38,142.3 2 0
github.com/Yogdunana/deploypilot/internal/provider/dns/dns.go:144.2,144.12 1 1
github.com/Yogdunana/deploypilot/internal/provider/dns/dns.go:148.114,150.16 2 2
github.com/Yogdunana/deploypilot/internal/provider/dns/dns.go:150.16,152.3 1 0
github.com/Yogdunana/deploypilot/internal/provider/dns/dns.go:154.2,155.16 2 2
github.com/Yogdunana/deploypilot/internal/provider/dns/dns.go:155.16,157.3 1 1
github.com/Yogdunana/deploypilot/internal/provider/dns/dns.go:159.2,161.16 3 1
github.com/Yogdunana/deploypilot/internal/provider/dns/dns.go:161.16,163.3 1 0
github.com/Yogdunana/deploypilot/internal/provider/dns/dns.go:164.2,166.38 2 1
github.com/Yogdunana/deploypilot/internal/provider/dns/dns.go:166.38,168.3 1 0
github.com/Yogdunana/deploypilot/internal/provider/dns/dns.go:171.2,175.8 1 1
github.com/Yogdunana/deploypilot/internal/provider/dns/dns.go:179.100,181.16 2 2
github.com/Yogdunana/deploypilot/internal/provider/dns/dns.go:181.16,183.3 1 1
github.com/Yogdunana/deploypilot/internal/provider/dns/dns.go:185.2,187.16 3 1
github.com/Yogdunana/deploypilot/internal/provider/dns/dns.go:187.16,189.3 1 0
github.com/Yogdunana/deploypilot/internal/provider/dns/dns.go:190.2,192.38 2 1
github.com/Yogdunana/deploypilot/internal/provider/dns/dns.go:192.38,194.3 1 0
github.com/Yogdunana/deploypilot/internal/provider/dns/dns.go:197.2,197.28 1 1
github.com/Yogdunana/deploypilot/internal/provider/dns/dns.go:201.92,204.16 3 14
github.com/Yogdunana/deploypilot/internal/provider/dns/dns.go:204.16,206.3 1 1
github.com/Yogdunana/deploypilot/internal/provider/dns/dns.go:207.2,209.38 2 13
github.com/Yogdunana/deploypilot/internal/provider/dns/dns.go:209.38,211.3 1 3
github.com/Yogdunana/deploypilot/internal/provider/dns/dns.go:214.2,214.32 1 10
github.com/Yogdunana/deploypilot/internal/provider/dns/dns.go:218.112,222.16 3 6
github.com/Yogdunana/deploypilot/internal/provider/dns/dns.go:222.16,224.3 1 0
github.com/Yogdunana/deploypilot/internal/provider/dns/dns.go:225.2,227.38 2 6
github.com/Yogdunana/deploypilot/internal/provider/dns/dns.go:227.38,229.3 1 3
github.com/Yogdunana/deploypilot/internal/provider/dns/dns.go:232.2,232.34 1 3
github.com/Yogdunana/deploypilot/internal/provider/dns/dns.go:236.123,241.16 3 27
github.com/Yogdunana/deploypilot/internal/provider/dns/dns.go:241.16,243.3 1 0
github.com/Yogdunana/deploypilot/internal/provider/dns/dns.go:245.2,247.26 3 27
github.com/Yogdunana/deploypilot/internal/provider/dns/dns.go:247.26,249.3 1 25
github.com/Yogdunana/deploypilot/internal/provider/dns/dns.go:251.2,251.29 1 27
github.com/Yogdunana/deploypilot/internal/provider/notify/notify.go:50.81,58.2 1 7
github.com/Yogdunana/deploypilot/internal/provider/notify/notify.go:61.41,61.61 1 1
github.com/Yogdunana/deploypilot/internal/provider/notify/notify.go:64.103,66.16 2 6
github.com/Yogdunana/deploypilot/internal/provider/notify/notify.go:66.16,68.3 1 0
github.com/Yogdunana/deploypilot/internal/provider/notify/notify.go:70.2,71.16 2 6
github.com/Yogdunana/deploypilot/internal/provider/notify/notify.go:71.16,73.3 1 0
github.com/Yogdunana/deploypilot/internal/provider/notify/notify.go:75.2,76.36 2 6
github.com/Yogdunana/deploypilot/internal/provider/notify/notify.go:76.36,78.3 1 1
github.com/Yogdunana/deploypilot/internal/provider/notify/notify.go:80.2,81.16 2 6
github.com/Yogdunana/deploypilot/internal/provider/notify/notify.go:81.16,83.3 1 2
github.com/Yogdunana/deploypilot/internal/provider/notify/notify.go:84.2,88.53 3 4
github.com/Yogdunana/deploypilot/internal/provider/notify/notify.go:88.53,94.3 1 2
github.com/Yogdunana/deploypilot/internal/provider/notify/notify.go:96.2,100.8 1 2
github.com/Yogdunana/deploypilot/internal/provider/notify/notify.go:121.58,124.53 1 5
github.com/Yogdunana/deploypilot/internal/provider/notify/notify.go:124.53,128.4 3 0
github.com/Yogdunana/deploypilot/internal/provider/notify/notify.go:133.39,133.57 1 1
github.com/Yogdunana/deploypilot/internal/provider/notify/notify.go:136.101,151.16 5 4
github.com/Yogdunana/deploypilot/internal/provider/notify/notify.go:151.16,153.3 1 1
github.com/Yogdunana/deploypilot/internal/provider/notify/notify.go:155.2,155.84 1 3
github.com/Yogdunana/deploypilot/internal/provider/notify/notify.go:166.61,168.2 1 3
github.com/Yogdunana/deploypilot/internal/provider/notify/notify.go:171.39,171.57 1 1
github.com/Yogdunana/deploypilot/internal/provider/notify/notify.go:174.103,176.32 2 2
github.com/Yogdunana/deploypilot/internal/provider/notify/notify.go:176.32,178.17 2 4
github.com/Yogdunana/deploypilot/internal/provider/notify/notify.go:178.17,180.4 1 0
github.com/Yogdunana/deploypilot/internal/provider/notify/notify.go:181.3,181.36 1 4
github.com/Yogdunana/deploypilot/internal/provider/notify/notify.go:183.2,183.21 1 2
github.com/Yogdunana/deploypilot/internal/provider/notify/notify.go:189.64,199.2 1 9
github.com/Yogdunana/deploypilot/internal/provider/notify/notify.go:202.64,212.2 1 1
github.com/Yogdunana/deploypilot/internal/provider/notify/notify.go:215.69,225.2 1 1
github.com/Yogdunana/deploypilot/internal/provider/notify/notify.go:228.70,238.2 1 1
github.com/Yogdunana/deploypilot/internal/provider/server/ssh_client.go:30.64,31.22 1 10
github.com/Yogdunana/deploypilot/internal/provider/server/ssh_client.go:31.22,33.3 1 0
github.com/Yogdunana/deploypilot/internal/provider/server/ssh_client.go:35.2,38.27 2 10
github.com/Yogdunana/deploypilot/internal/provider/server/ssh_client.go:38.27,40.17 2 8
github.com/Yogdunana/deploypilot/internal/provider/server/ssh_client.go:40.17,42.4 1 0
github.com/Yogdunana/deploypilot/internal/provider/server/ssh_client.go:43.3,43.60 1 8
github.com/Yogdunana/deploypilot/internal/provider/server/ssh_client.go:47.2,47.24 1 10
github.com/Yogdunana/deploypilot/internal/provider/server/ssh_client.go:47.24,49.3 1 0
github.com/Yogdunana/deploypilot/internal/provider/server/ssh_client.go:51.2,51.27 1 10
github.com/Yogdunana/deploypilot/internal/provider/server/ssh_client.go:51.27,53.3 1 2
github.com/Yogdunana/deploypilot/internal/provider/server/ssh_client.go:55.2,70.12 5 8
github.com/Yogdunana/deploypilot/internal/provider/server/ssh_client.go:70.12,73.3 2 8
github.com/Yogdunana/deploypilot/internal/provider/server/ssh_client.go:75.2,75.9 1 8
github.com/Yogdunana/deploypilot/internal/provider/server/ssh_client.go:76.20,77.68 1 0
github.com/Yogdunana/deploypilot/internal/provider/server/ssh_client.go:78.19,79.19 1 8
github.com/Yogdunana/deploypilot/internal/provider/server/ssh_client.go:79.19,81.4 1 0
github.com/Yogdunana/deploypilot/internal/provider/server/ssh_client.go:82.3,82.40 1 8
github.com/Yogdunana/deploypilot/internal/provider/server/ssh_client.go:87.78,89.16 2 3
github.com/Yogdunana/deploypilot/internal/provider/server/ssh_client.go:89.16,91.3 1 0
github.com/Yogdunana/deploypilot/internal/provider/server/ssh_client.go:92.2,100.12 4 3
github.com/Yogdunana/deploypilot/internal/provider/server/ssh_client.go:100.12,103.3 2 3
github.com/Yogdunana/deploypilot/internal/provider/server/ssh_client.go:105.2,105.9 1 3
github.com/Yogdunana/deploypilot/internal/provider/server/ssh_client.go:106.20,108.60 2 0
github.com/Yogdunana/deploypilot/internal/provider/server/ssh_client.go:109.19,110.19 1 3
github.com/Yogdunana/deploypilot/internal/provider/server/ssh_client.go:110.19,112.4 1 1
github.com/Yogdunana/deploypilot/internal/provider/server/ssh_client.go:113.3,113.23 1 2
github.com/Yogdunana/deploypilot/internal/provider/server/ssh_client.go:118.103,120.16 2 1
github.com/Yogdunana/deploypilot/internal/provider/server/ssh_client.go:120.16,122.3 1 0
github.com/Yogdunana/deploypilot/internal/provider/server/ssh_client.go:123.2,125.19 2 1
github.com/Yogdunana/deploypilot/internal/provider/server/ssh_client.go:125.19,127.3 1 1
github.com/Yogdunana/deploypilot/internal/provider/server/ssh_client.go:128.2,128.19 1 1
github.com/Yogdunana/deploypilot/internal/provider/server/ssh_client.go:128.19,130.3 1 0
github.com/Yogdunana/deploypilot/internal/provider/server/ssh_client.go:132.2,136.12 3 1
github.com/Yogdunana/deploypilot/internal/provider/server/ssh_client.go:136.12,138.3 1 1
github.com/Yogdunana/deploypilot/internal/provider/server/ssh_client.go:140.2,140.9 1 1
github.com/Yogdunana/deploypilot/internal/provider/server/ssh_client.go:141.20,143.56 2 0
github.com/Yogdunana/deploypilot/internal/provider/server/ssh_client.go:144.19,145.15 1 1
github.com/Yogdunana/deploypilot/internal/provider/server/ssh_client.go:150.32,151.21 1 10
github.com/Yogdunana/deploypilot/internal/provider/server/ssh_client.go:151.21,153.3 1 10
github.com/Yogdunana/deploypilot/internal/provider/server/ssh_client.go:154.2,154.12 1 0
github.com/Yogdunana/deploypilot/internal/provider/server/ssh_client.go:158.37,159.21 1 3
github.com/Yogdunana/deploypilot/internal/provider/server/ssh_client.go:159.21,161.3 1 1
github.com/Yogdunana/deploypilot/internal/provider/server/ssh_client.go:162.2,163.19 2 2
github.com/Yogdunana/deploypilot/internal/provider/server/ssh_client.go:167.102,169.16 2 1
github.com/Yogdunana/deploypilot/internal/provider/server/ssh_client.go:169.16,171.3 1 0
github.com/Yogdunana/deploypilot/internal/provider/server/ssh_client.go:172.2,182.12 7 1
github.com/Yogdunana/deploypilot/internal/provider/server/ssh_client.go:182.12,184.3 1 1
github.com/Yogdunana/deploypilot/internal/provider/server/ssh_client.go:186.2,186.9 1 1
github.com/Yogdunana/deploypilot/internal/provider/server/ssh_client.go:187.20,189.64 2 0
github.com/Yogdunana/deploypilot/internal/provider/server/ssh_client.go:190.19,191.49 1 1
github.com/Yogdunana/deploypilot/internal/service/bridge.go:24.72,26.2 1 40
github.com/Yogdunana/deploypilot/internal/service/bridge.go:29.47,31.2 1 6
github.com/Yogdunana/deploypilot/internal/service/bridge.go:35.98,52.16 3 1
github.com/Yogdunana/deploypilot/internal/service/bridge.go:52.16,54.3 1 0
github.com/Yogdunana/deploypilot/internal/service/bridge.go:56.2,64.8 1 1
github.com/Yogdunana/deploypilot/internal/service/bridge.go:69.101,71.16 2 1
github.com/Yogdunana/deploypilot/internal/service/bridge.go:71.16,73.3 1 0
github.com/Yogdunana/deploypilot/internal/service/bridge.go:75.2,83.8 1 1
github.com/Yogdunana/deploypilot/internal/service/bridge.go:88.79,90.61 2 2
github.com/Yogdunana/deploypilot/internal/service/bridge.go:90.61,92.3 1 0
github.com/Yogdunana/deploypilot/internal/service/bridge.go:94.2,95.25 2 2
github.com/Yogdunana/deploypilot/internal/service/bridge.go:95.25,102.33 2 2
github.com/Yogdunana/deploypilot/internal/service/bridge.go:102.33,103.42 1 2
github.com/Yogdunana/deploypilot/internal/service/bridge.go:103.42,105.45 2 0
github.com/Yogdunana/deploypilot/internal/service/bridge.go:105.45,107.6 1 0
github.com/Yogdunana/deploypilot/internal/service/bridge.go:110.3,110.30 1 2
github.com/Yogdunana/deploypilot/internal/service/bridge.go:112.2,112.20 1 2
github.com/Yogdunana/deploypilot/internal/service/bridge.go:117.77,119.64 2 1
github.com/Yogdunana/deploypilot/internal/service/bridge.go:119.64,121.3 1 0
github.com/Yogdunana/deploypilot/internal/service/bridge.go:123.2,124.25 2 1
github.com/Yogdunana/deploypilot/internal/service/bridge.go:124.25,131.29 2 2
github.com/Yogdunana/deploypilot/internal/service/bridge.go:131.29,133.4 1 2
github.com/Yogdunana/deploypilot/internal/service/bridge.go:134.3,134.30 1 2
github.com/Yogdunana/deploypilot/internal/service/bridge.go:136.2,136.20 1 1
github.com/Yogdunana/deploypilot/internal/service/bridge.go:141.90,153.23 2 10
github.com/Yogdunana/deploypilot/internal/service/bridge.go:153.23,155.3 1 0
github.com/Yogdunana/deploypilot/internal/service/bridge.go:156.2,156.16 1 10
github.com/Yogdunana/deploypilot/internal/service/bridge.go:161.69,163.83 2 2
github.com/Yogdunana/deploypilot/internal/service/bridge.go:163.83,165.3 1 1
github.com/Yogdunana/deploypilot/internal/service/bridge.go:167.2,168.25 2 1
github.com/Yogdunana/deploypilot/internal/service/bridge.go:168.25,171.3 2 0
github.com/Yogdunana/deploypilot/internal/service/bridge.go:173.2,173.84 1 1
github.com/Yogdunana/deploypilot/internal/service/bridge.go:173.84,175.3 1 0
github.com/Yogdunana/deploypilot/internal/service/bridge.go:176.2,176.12 1 1
github.com/Yogdunana/deploypilot/internal/service/bridge.go:181.63,183.2 1 1
github.com/Yogdunana/deploypilot/internal/service/bridge.go:187.65,189.2 1 0
github.com/Yogdunana/deploypilot/internal/service/bridge.go:193.95,195.2 1 1
github.com/Yogdunana/deploypilot/internal/service/bridge.go:199.115,201.55 1 0
github.com/Yogdunana/deploypilot/internal/service/bridge.go:201.55,203.3 1 0
github.com/Yogdunana/deploypilot/internal/service/bridge.go:204.2,204.57 1 0
github.com/Yogdunana/deploypilot/internal/service/bridge.go:204.57,206.3 1 0
github.com/Yogdunana/deploypilot/internal/service/bridge.go:209.2,214.27 2 0
github.com/Yogdunana/deploypilot/internal/service/bridge.go:219.113,223.16 2 2
github.com/Yogdunana/deploypilot/internal/service/bridge.go:223.16,224.69 1 2
github.com/Yogdunana/deploypilot/internal/service/bridge.go:224.69,226.4 1 2
github.com/Yogdunana/deploypilot/internal/service/bridge.go:227.3,227.102 1 2
github.com/Yogdunana/deploypilot/internal/service/bridge.go:227.102,229.4 1 2
github.com/Yogdunana/deploypilot/internal/service/bridge.go:233.2,233.16 1 2
github.com/Yogdunana/deploypilot/internal/service/bridge.go:233.16,234.118 1 2
github.com/Yogdunana/deploypilot/internal/service/bridge.go:234.118,236.4 1 2
github.com/Yogdunana/deploypilot/internal/service/bridge.go:237.3,237.105 1 2
github.com/Yogdunana/deploypilot/internal/service/bridge.go:237.105,239.4 1 2
github.com/Yogdunana/deploypilot/internal/service/bridge.go:240.3,240.109 1 2
github.com/Yogdunana/deploypilot/internal/service/bridge.go:240.109,242.4 1 2
github.com/Yogdunana/deploypilot/internal/service/bridge.go:246.2,246.16 1 2
github.com/Yogdunana/deploypilot/internal/service/bridge.go:246.16,248.27 2 1
github.com/Yogdunana/deploypilot/internal/service/bridge.go:248.27,250.95 2 2
github.com/Yogdunana/deploypilot/internal/service/bridge.go:250.95,252.5 1 0
github.com/Yogdunana/deploypilot/internal/service/bridge.go:252.10,254.5 1 2
github.com/Yogdunana/deploypilot/internal/service/bridge.go:256.3,256.29 1 1
github.com/Yogdunana/deploypilot/internal/service/bridge.go:260.2,260.16 1 2
github.com/Yogdunana/deploypilot/internal/service/bridge.go:260.16,262.32 2 0
github.com/Yogdunana/deploypilot/internal/service/bridge.go:262.32,264.17 2 0
github.com/Yogdunana/deploypilot/internal/service/bridge.go:264.17,265.13 1 0
github.com/Yogdunana/deploypilot/internal/service/bridge.go:267.4,268.94 2 0
github.com/Yogdunana/deploypilot/internal/service/bridge.go:268.94,270.5 1 0
github.com/Yogdunana/deploypilot/internal/service/bridge.go:270.10,272.5 1 0
github.com/Yogdunana/deploypilot/internal/service/bridge.go:274.3,274.31 1 0
github.com/Yogdunana/deploypilot/internal/service/bridge.go:277.2,277.17 1 2
github.com/Yogdunana/deploypilot/internal/service/bridge.go:282.99,295.16 5 1
github.com/Yogdunana/deploypilot/internal/service/bridge.go:295.16,303.3 1 0
github.com/Yogdunana/deploypilot/internal/service/bridge.go:305.2,310.8 1 1
github.com/Yogdunana/deploypilot/internal/service/bridge.go:315.116,320.65 3 6
github.com/Yogdunana/deploypilot/internal/service/bridge.go:320.65,322.3 1 6
github.com/Yogdunana/deploypilot/internal/service/bridge.go:324.2,330.23 1 6
github.com/Yogdunana/deploypilot/internal/service/bridge.go:330.23,332.3 1 0
github.com/Yogdunana/deploypilot/internal/service/bridge.go:334.2,340.8 1 6
github.com/Yogdunana/deploypilot/internal/service/bridge.go:345.75,347.25 2 2
github.com/Yogdunana/deploypilot/internal/service/bridge.go:347.25,349.3 1 0
github.com/Yogdunana/deploypilot/internal/service/bridge.go:350.2,350.30 1 2
github.com/Yogdunana/deploypilot/internal/service/bridge.go:350.30,352.3 1 1
github.com/Yogdunana/deploypilot/internal/service/bridge.go:353.2,353.12 1 1
github.com/Yogdunana/deploypilot/internal/service/bridge.go:358.88,360.89 2 2
github.com/Yogdunana/deploypilot/internal/service/bridge.go:360.89,362.3 1 1
github.com/Yogdunana/deploypilot/internal/service/bridge.go:364.2,371.16 6 1
github.com/Yogdunana/deploypilot/internal/service/bridge.go:371.16,380.3 1 0
github.com/Yogdunana/deploypilot/internal/service/bridge.go:382.2,388.8 1 1
github.com/Yogdunana/deploypilot/internal/service/bridge.go:393.122,401.23 2 5
github.com/Yogdunana/deploypilot/internal/service/bridge.go:401.23,403.3 1 0
github.com/Yogdunana/deploypilot/internal/service/bridge.go:405.2,410.8 1 5
github.com/Yogdunana/deploypilot/internal/service/bridge.go:415.93,417.101 2 1
github.com/Yogdunana/deploypilot/internal/service/bridge.go:417.101,419.3 1 0
github.com/Yogdunana/deploypilot/internal/service/bridge.go:422.2,423.25 2 1
github.com/Yogdunana/deploypilot/internal/service/bridge.go:423.25,431.3 2 2
github.com/Yogdunana/deploypilot/internal/service/bridge.go:432.2,432.23 1 1
github.com/Yogdunana/deploypilot/internal/service/bridge.go:437.77,439.25 2 2
github.com/Yogdunana/deploypilot/internal/service/bridge.go:439.25,441.3 1 0
github.com/Yogdunana/deploypilot/internal/service/bridge.go:442.2,442.30 1 2
github.com/Yogdunana/deploypilot/internal/service/bridge.go:442.30,444.3 1 1
github.com/Yogdunana/deploypilot/internal/service/bridge.go:445.2,445.12 1 1
github.com/Yogdunana/deploypilot/internal/service/bridge.go:450.116,463.2 3 2
github.com/Yogdunana/deploypilot/internal/service/bridge.go:467.78,470.2 2 1
github.com/Yogdunana/deploypilot/internal/service/bridge.go:474.90,482.2 2 1
github.com/Yogdunana/deploypilot/internal/service/bridge.go:486.125,495.2 2 1
github.com/Yogdunana/deploypilot/internal/service/bridge.go:499.74,512.2 2 3
github.com/Yogdunana/deploypilot/internal/service/bridge.go:516.89,520.26 3 2
github.com/Yogdunana/deploypilot/internal/service/bridge.go:520.26,521.28 1 12
github.com/Yogdunana/deploypilot/internal/service/bridge.go:521.28,523.4 1 1
github.com/Yogdunana/deploypilot/internal/service/bridge.go:525.2,525.132 1 1
github.com/Yogdunana/deploypilot/internal/service/bridge.go:530.87,532.83 2 3
github.com/Yogdunana/deploypilot/internal/service/bridge.go:532.83,534.3 1 2
github.com/Yogdunana/deploypilot/internal/service/bridge.go:535.2,535.17 1 1
github.com/Yogdunana/deploypilot/internal/service/bridge.go:540.115,541.88 1 1
github.com/Yogdunana/deploypilot/internal/service/bridge.go:541.88,543.3 1 0
github.com/Yogdunana/deploypilot/internal/service/bridge.go:545.2,546.83 2 1
github.com/Yogdunana/deploypilot/internal/service/bridge.go:546.83,548.3 1 0
github.com/Yogdunana/deploypilot/internal/service/bridge.go:549.2,549.17 1 1
github.com/Yogdunana/deploypilot/internal/service/bridge.go:554.89,560.2 1 1
github.com/Yogdunana/deploypilot/internal/service/bridge.go:564.102,572.2 1 1
github.com/Yogdunana/deploypilot/internal/service/bridge.go:576.108,579.83 2 1
github.com/Yogdunana/deploypilot/internal/service/bridge.go:579.83,581.3 1 0
github.com/Yogdunana/deploypilot/internal/service/bridge.go:583.2,584.25 2 1
github.com/Yogdunana/deploypilot/internal/service/bridge.go:584.25,586.3 1 1
github.com/Yogdunana/deploypilot/internal/service/bridge.go:588.2,589.16 2 1
github.com/Yogdunana/deploypilot/internal/service/bridge.go:589.16,591.3 1 0
github.com/Yogdunana/deploypilot/internal/service/bridge.go:594.2,596.29 3 1
github.com/Yogdunana/deploypilot/internal/service/bridge.go:596.29,597.38 1 4
github.com/Yogdunana/deploypilot/internal/service/bridge.go:597.38,599.29 2 2
github.com/Yogdunana/deploypilot/internal/service/bridge.go:599.29,600.10 1 0
github.com/Yogdunana/deploypilot/internal/service/bridge.go:605.2,613.8 1 1
github.com/Yogdunana/deploypilot/internal/service/bridge.go:618.124,628.2 2 1
github.com/Yogdunana/deploypilot/internal/service/bridge.go:632.106,633.113 1 1
github.com/Yogdunana/deploypilot/internal/service/bridge.go:633.113,635.3 1 0
github.com/Yogdunana/deploypilot/internal/service/bridge.go:636.2,640.8 1 1
github.com/Yogdunana/deploypilot/internal/service/bridge.go:645.121,646.94 1 1
github.com/Yogdunana/deploypilot/internal/service/bridge.go:646.94,648.3 1 0
github.com/Yogdunana/deploypilot/internal/service/bridge.go:650.2,651.89 2 1
github.com/Yogdunana/deploypilot/internal/service/bridge.go:651.89,653.3 1 0
github.com/Yogdunana/deploypilot/internal/service/bridge.go:654.2,654.17 1 1
github.com/Yogdunana/deploypilot/internal/service/bridge.go:659.115,663.117 2 1
github.com/Yogdunana/deploypilot/internal/service/bridge.go:663.117,665.3 1 1
github.com/Yogdunana/deploypilot/internal/service/bridge.go:665.8,667.3 1 0
github.com/Yogdunana/deploypilot/internal/service/bridge.go:670.2,670.44 1 1
github.com/Yogdunana/deploypilot/internal/service/bridge.go:670.44,673.52 3 1
github.com/Yogdunana/deploypilot/internal/service/bridge.go:673.52,675.4 1 0
github.com/Yogdunana/deploypilot/internal/service/bridge.go:676.3,677.94 2 1
github.com/Yogdunana/deploypilot/internal/service/bridge.go:677.94,679.4 1 1
github.com/Yogdunana/deploypilot/internal/service/bridge.go:679.9,681.4 1 0
github.com/Yogdunana/deploypilot/internal/service/bridge.go:684.2,685.27 2 1
github.com/Yogdunana/deploypilot/internal/service/bridge.go:685.27,686.46 1 2
github.com/Yogdunana/deploypilot/internal/service/bridge.go:686.46,687.56 1 2
github.com/Yogdunana/deploypilot/internal/service/bridge.go:687.56,689.5 1 0
github.com/Yogdunana/deploypilot/internal/service/bridge.go:693.2,696.8 1 1
github.com/Yogdunana/deploypilot/internal/service/bridge.go:701.103,703.30 2 0
github.com/Yogdunana/deploypilot/internal/service/bridge.go:703.30,710.43 2 0
github.com/Yogdunana/deploypilot/internal/service/bridge.go:710.43,711.47 1 0
github.com/Yogdunana/deploypilot/internal/service/bridge.go:711.47,713.45 2 0
github.com/Yogdunana/deploypilot/internal/service/bridge.go:713.45,715.6 1 0
github.com/Yogdunana/deploypilot/internal/service/bridge.go:719.3,721.17 3 0
github.com/Yogdunana/deploypilot/internal/service/bridge.go:721.17,724.4 2 0
github.com/Yogdunana/deploypilot/internal/service/bridge.go:724.9,727.4 2 0
github.com/Yogdunana/deploypilot/internal/service/bridge.go:728.3,728.35 1 0
github.com/Yogdunana/deploypilot/internal/service/bridge.go:731.2,734.8 1 0
github.com/Yogdunana/deploypilot/internal/service/bridge.go:739.76,741.83 2 4
github.com/Yogdunana/deploypilot/internal/service/bridge.go:741.83,743.3 1 1
github.com/Yogdunana/deploypilot/internal/service/bridge.go:745.2,746.25 2 3
github.com/Yogdunana/deploypilot/internal/service/bridge.go:746.25,748.3 1 3
github.com/Yogdunana/deploypilot/internal/service/bridge.go:750.2,757.16 6 3
github.com/Yogdunana/deploypilot/internal/service/bridge.go:757.16,759.3 1 0
github.com/Yogdunana/deploypilot/internal/service/bridge.go:761.2,762.22 2 3
github.com/Yogdunana/deploypilot/internal/service/bridge.go:767.94,777.2 2 1
github.com/Yogdunana/deploypilot/internal/service/bridge.go:781.89,783.28 2 1
github.com/Yogdunana/deploypilot/internal/service/bridge.go:783.28,786.17 3 2
github.com/Yogdunana/deploypilot/internal/service/bridge.go:786.17,789.4 2 0
github.com/Yogdunana/deploypilot/internal/service/bridge.go:789.9,792.4 2 2
github.com/Yogdunana/deploypilot/internal/service/bridge.go:793.3,793.35 1 2
github.com/Yogdunana/deploypilot/internal/service/bridge.go:795.2,798.8 1 1
github.com/Yogdunana/deploypilot/internal/service/bridge.go:803.103,805.30 2 1
github.com/Yogdunana/deploypilot/internal/service/bridge.go:805.30,817.3 6 1
github.com/Yogdunana/deploypilot/internal/service/bridge.go:818.2,821.8 1 1
github.com/Yogdunana/deploypilot/internal/service/bridge.go:826.78,833.2 1 1
github.com/Yogdunana/deploypilot/internal/service/bridge.go:837.37,838.14 1 42
github.com/Yogdunana/deploypilot/internal/service/bridge.go:838.14,840.3 1 8
github.com/Yogdunana/deploypilot/internal/service/bridge.go:841.2,841.25 1 34
github.com/Yogdunana/deploypilot/internal/service/bridge.go:842.14,843.13 1 32
github.com/Yogdunana/deploypilot/internal/service/bridge.go:844.14,845.21 1 1
github.com/Yogdunana/deploypilot/internal/service/bridge.go:846.10,847.32 1 1
github.com/Yogdunana/deploypilot/internal/service/bridge.go:851.58,853.13 2 4
github.com/Yogdunana/deploypilot/internal/service/bridge.go:853.13,855.3 1 0
github.com/Yogdunana/deploypilot/internal/service/bridge.go:856.2,856.10 1 4
github.com/Yogdunana/deploypilot/internal/service/bridge.go:859.31,860.14 1 8
github.com/Yogdunana/deploypilot/internal/service/bridge.go:860.14,862.3 1 1
github.com/Yogdunana/deploypilot/internal/service/bridge.go:863.2,863.25 1 7
github.com/Yogdunana/deploypilot/internal/service/bridge.go:864.11,865.13 1 1
github.com/Yogdunana/deploypilot/internal/service/bridge.go:866.13,867.18 1 4
github.com/Yogdunana/deploypilot/internal/service/bridge.go:868.15,869.18 1 1
github.com/Yogdunana/deploypilot/internal/service/bridge.go:870.10,871.11 1 1
github.com/Yogdunana/deploypilot/internal/service/bridge.go:875.41,876.15 1 33
github.com/Yogdunana/deploypilot/internal/service/bridge.go:876.15,878.3 1 31
github.com/Yogdunana/deploypilot/internal/service/bridge.go:879.2,879.12 1 2
github.com/Yogdunana/deploypilot/pkg/errors/errors.go:14.35,15.18 1 3
github.com/Yogdunana/deploypilot/pkg/errors/errors.go:15.18,17.3 1 2
github.com/Yogdunana/deploypilot/pkg/errors/errors.go:18.2,18.18 1 1
github.com/Yogdunana/deploypilot/pkg/errors/errors.go:22.35,24.2 1 5
github.com/Yogdunana/deploypilot/pkg/errors/errors.go:27.51,30.2 2 6
github.com/Yogdunana/deploypilot/pkg/errors/errors.go:33.54,39.2 1 30
github.com/Yogdunana/deploypilot/pkg/errors/errors.go:42.33,43.16 1 3
github.com/Yogdunana/deploypilot/pkg/errors/errors.go:43.16,45.3 1 1
github.com/Yogdunana/deploypilot/pkg/errors/errors.go:46.2,47.11 2 2
github.com/Yogdunana/deploypilot/pkg/errors/errors.go:51.34,52.16 1 3
github.com/Yogdunana/deploypilot/pkg/errors/errors.go:52.16,54.3 1 1
github.com/Yogdunana/deploypilot/pkg/errors/errors.go:55.2,55.39 1 2
github.com/Yogdunana/deploypilot/pkg/errors/errors.go:55.39,57.3 1 1
github.com/Yogdunana/deploypilot/pkg/errors/errors.go:58.2,58.11 1 1
github.com/Yogdunana/deploypilot/pkg/errors/errors.go:62.37,63.39 1 2
github.com/Yogdunana/deploypilot/pkg/errors/errors.go:63.39,64.24 1 2
github.com/Yogdunana/deploypilot/pkg/errors/errors.go:64.24,66.4 1 1
github.com/Yogdunana/deploypilot/pkg/errors/errors.go:67.3,67.97 1 1
github.com/Yogdunana/deploypilot/pkg/errors/errors.go:69.2,69.20 1 0
github.com/Yogdunana/deploypilot/internal/engine/deployer/deployer.go:60.52,62.2 1 28
github.com/Yogdunana/deploypilot/internal/engine/deployer/deployer.go:65.98,66.21 1 12
github.com/Yogdunana/deploypilot/internal/engine/deployer/deployer.go:66.21,68.3 1 1
github.com/Yogdunana/deploypilot/internal/engine/deployer/deployer.go:69.2,69.29 1 11
github.com/Yogdunana/deploypilot/internal/engine/deployer/deployer.go:69.29,71.3 1 1
github.com/Yogdunana/deploypilot/internal/engine/deployer/deployer.go:74.2,75.63 2 10
github.com/Yogdunana/deploypilot/internal/engine/deployer/deployer.go:75.63,77.3 1 1
github.com/Yogdunana/deploypilot/internal/engine/deployer/deployer.go:80.2,87.16 4 9
github.com/Yogdunana/deploypilot/internal/engine/deployer/deployer.go:87.16,89.3 1 1
github.com/Yogdunana/deploypilot/internal/engine/deployer/deployer.go:92.2,93.23 2 8
github.com/Yogdunana/deploypilot/internal/engine/deployer/deployer.go:93.23,95.3 1 0
github.com/Yogdunana/deploypilot/internal/engine/deployer/deployer.go:98.2,99.16 2 8
github.com/Yogdunana/deploypilot/internal/engine/deployer/deployer.go:99.16,107.3 1 1
github.com/Yogdunana/deploypilot/internal/engine/deployer/deployer.go:109.2,109.20 1 7
github.com/Yogdunana/deploypilot/internal/engine/deployer/deployer.go:113.105,116.16 3 12
github.com/Yogdunana/deploypilot/internal/engine/deployer/deployer.go:116.16,118.3 1 0
github.com/Yogdunana/deploypilot/internal/engine/deployer/deployer.go:120.2,121.18 2 12
github.com/Yogdunana/deploypilot/internal/engine/deployer/deployer.go:121.18,123.3 1 3
github.com/Yogdunana/deploypilot/internal/engine/deployer/deployer.go:125.2,126.20 2 9
github.com/Yogdunana/deploypilot/internal/engine/deployer/deployer.go:126.20,128.3 1 0
github.com/Yogdunana/deploypilot/internal/engine/deployer/deployer.go:130.2,131.16 2 9
github.com/Yogdunana/deploypilot/internal/engine/deployer/deployer.go:131.16,133.3 1 0
github.com/Yogdunana/deploypilot/internal/engine/deployer/deployer.go:135.2,141.8 1 9
github.com/Yogdunana/deploypilot/internal/engine/deployer/deployer.go:145.71,147.16 2 4
github.com/Yogdunana/deploypilot/internal/engine/deployer/deployer.go:147.16,149.3 1 1
github.com/Yogdunana/deploypilot/internal/engine/deployer/deployer.go:150.2,150.12 1 3
github.com/Yogdunana/deploypilot/internal/engine/deployer/deployer.go:154.73,156.16 2 3
github.com/Yogdunana/deploypilot/internal/engine/deployer/deployer.go:156.16,158.3 1 0
github.com/Yogdunana/deploypilot/internal/engine/deployer/deployer.go:159.2,159.12 1 3
github.com/Yogdunana/deploypilot/internal/engine/deployer/deployer.go:163.103,166.16 3 1
github.com/Yogdunana/deploypilot/internal/engine/deployer/deployer.go:166.16,168.3 1 0
github.com/Yogdunana/deploypilot/internal/engine/deployer/deployer.go:169.2,169.20 1 1
github.com/Yogdunana/deploypilot/internal/engine/deployer/deployer.go:173.88,174.42 1 4
github.com/Yogdunana/deploypilot/internal/engine/deployer/deployer.go:174.42,176.3 1 1
github.com/Yogdunana/deploypilot/internal/engine/deployer/deployer.go:178.2,178.22 1 3
github.com/Yogdunana/deploypilot/internal/engine/deployer/deployer.go:178.22,180.3 1 0
github.com/Yogdunana/deploypilot/internal/engine/deployer/deployer.go:181.2,181.23 1 3
github.com/Yogdunana/deploypilot/internal/engine/deployer/deployer.go:181.23,183.3 1 1
github.com/Yogdunana/deploypilot/internal/engine/deployer/deployer.go:184.2,184.22 1 3
github.com/Yogdunana/deploypilot/internal/engine/deployer/deployer.go:184.22,186.3 1 0
github.com/Yogdunana/deploypilot/internal/engine/deployer/deployer.go:188.2,189.35 2 3
github.com/Yogdunana/deploypilot/internal/engine/deployer/deployer.go:189.35,190.10 1 4
github.com/Yogdunana/deploypilot/internal/engine/deployer/deployer.go:191.21,192.20 1 0
github.com/Yogdunana/deploypilot/internal/engine/deployer/deployer.go:193.11,193.11 0 4
github.com/Yogdunana/deploypilot/internal/engine/deployer/deployer.go:196.3,198.21 3 4
github.com/Yogdunana/deploypilot/internal/engine/deployer/deployer.go:198.21,200.4 1 2
github.com/Yogdunana/deploypilot/internal/engine/deployer/deployer.go:202.3,202.24 1 2
github.com/Yogdunana/deploypilot/internal/engine/deployer/deployer.go:202.24,204.4 1 1
github.com/Yogdunana/deploypilot/internal/engine/deployer/deployer.go:207.2,207.85 1 1
github.com/Yogdunana/deploypilot/internal/engine/deployer/deployer.go:211.67,220.29 4 11
github.com/Yogdunana/deploypilot/internal/engine/deployer/deployer.go:220.29,222.3 1 11
github.com/Yogdunana/deploypilot/internal/engine/deployer/deployer.go:223.2,226.21 2 11
github.com/Yogdunana/deploypilot/internal/engine/deployer/deployer.go:226.21,228.3 1 2
github.com/Yogdunana/deploypilot/internal/engine/deployer/deployer.go:231.2,231.23 1 11
github.com/Yogdunana/deploypilot/internal/engine/deployer/deployer.go:231.23,233.3 1 0
github.com/Yogdunana/deploypilot/internal/engine/deployer/deployer.go:236.2,236.32 1 11
github.com/Yogdunana/deploypilot/internal/engine/deployer/deployer.go:236.32,238.3 1 2
github.com/Yogdunana/deploypilot/internal/engine/deployer/deployer.go:241.2,241.31 1 11
github.com/Yogdunana/deploypilot/internal/engine/deployer/deployer.go:241.31,243.3 1 2
github.com/Yogdunana/deploypilot/internal/engine/deployer/deployer.go:246.2,246.19 1 11
github.com/Yogdunana/deploypilot/internal/engine/deployer/deployer.go:246.19,248.3 1 1
github.com/Yogdunana/deploypilot/internal/engine/deployer/deployer.go:249.2,249.22 1 11
github.com/Yogdunana/deploypilot/internal/engine/deployer/deployer.go:249.22,251.3 1 1
github.com/Yogdunana/deploypilot/internal/engine/deployer/deployer.go:254.2,254.23 1 11
github.com/Yogdunana/deploypilot/internal/engine/deployer/deployer.go:254.23,256.3 1 1
github.com/Yogdunana/deploypilot/internal/engine/deployer/deployer.go:259.2,261.32 2 11
github.com/Yogdunana/deploypilot/internal/engine/deployer/deployer.go:265.80,266.18 1 6
github.com/Yogdunana/deploypilot/internal/engine/deployer/deployer.go:267.14,268.90 1 4
github.com/Yogdunana/deploypilot/internal/engine/deployer/deployer.go:269.13,270.146 1 2
github.com/Yogdunana/deploypilot/internal/engine/deployer/deployer.go:271.10,272.19 1 0
github.com/Yogdunana/deploypilot/internal/engine/deployer/health.go:39.64,46.2 1 11
github.com/Yogdunana/deploypilot/internal/engine/deployer/health.go:49.122,51.31 2 7
github.com/Yogdunana/deploypilot/internal/engine/deployer/health.go:51.31,52.10 1 13
github.com/Yogdunana/deploypilot/internal/engine/deployer/health.go:53.21,54.106 1 1
github.com/Yogdunana/deploypilot/internal/engine/deployer/health.go:55.11,55.11 0 12
github.com/Yogdunana/deploypilot/internal/engine/deployer/health.go:58.3,62.13 4 12
github.com/Yogdunana/deploypilot/internal/engine/deployer/health.go:62.13,69.4 1 3
github.com/Yogdunana/deploypilot/internal/engine/deployer/health.go:71.3,72.20 2 9
github.com/Yogdunana/deploypilot/internal/engine/deployer/health.go:72.20,74.4 1 6
github.com/Yogdunana/deploypilot/internal/engine/deployer/health.go:77.2,82.3 1 3
github.com/Yogdunana/deploypilot/internal/engine/deployer/health.go:85.78,87.16 2 12
github.com/Yogdunana/deploypilot/internal/engine/deployer/health.go:87.16,89.3 1 0
github.com/Yogdunana/deploypilot/internal/engine/deployer/health.go:91.2,92.16 2 12
github.com/Yogdunana/deploypilot/internal/engine/deployer/health.go:92.16,94.3 1 2
github.com/Yogdunana/deploypilot/internal/engine/deployer/health.go:95.2,97.41 2 10
github.com/Yogdunana/deploypilot/internal/engine/deployer/health.go:101.129,105.31 3 2
github.com/Yogdunana/deploypilot/internal/engine/deployer/health.go:105.31,106.10 1 3
github.com/Yogdunana/deploypilot/internal/engine/deployer/health.go:107.21,108.106 1 0
github.com/Yogdunana/deploypilot/internal/engine/deployer/health.go:109.11,109.11 0 3
github.com/Yogdunana/deploypilot/internal/engine/deployer/health.go:112.3,116.17 4 3
github.com/Yogdunana/deploypilot/internal/engine/deployer/health.go:116.17,124.4 2 1
github.com/Yogdunana/deploypilot/internal/engine/deployer/health.go:126.3,127.20 2 2
github.com/Yogdunana/deploypilot/internal/engine/deployer/health.go:127.20,129.4 1 1
github.com/Yogdunana/deploypilot/internal/engine/deployer/health.go:132.2,137.3 1 1
github.com/Yogdunana/deploypilot/internal/engine/deployer/health.go:141.177,145.40 3 2
github.com/Yogdunana/deploypilot/internal/engine/deployer/health.go:145.40,147.3 1 1
github.com/Yogdunana/deploypilot/internal/engine/deployer/health.go:150.2,152.16 3 2
github.com/Yogdunana/deploypilot/internal/engine/deployer/health.go:152.16,154.3 1 0
github.com/Yogdunana/deploypilot/internal/engine/deployer/health.go:157.2,161.37 3 2
github.com/Yogdunana/deploypilot/internal/engine/deployer/health.go:162.14,163.66 1 2
github.com/Yogdunana/deploypilot/internal/engine/deployer/health.go:164.13,168.21 4 0
github.com/Yogdunana/deploypilot/internal/engine/deployer/health.go:168.21,170.4 1 0
github.com/Yogdunana/deploypilot/internal/engine/deployer/health.go:171.3,171.63 1 0
github.com/Yogdunana/deploypilot/internal/engine/deployer/health.go:172.10,173.82 1 0
github.com/Yogdunana/deploypilot/internal/engine/deployer/health.go:177.2,177.27 1 2
github.com/Yogdunana/deploypilot/internal/engine/deployer/health.go:177.27,180.3 2 1
github.com/Yogdunana/deploypilot/internal/engine/deployer/health.go:182.2,182.34 1 1
github.com/Yogdunana/deploypilot/internal/engine/deployer/health.go:186.108,190.25 3 3
github.com/Yogdunana/deploypilot/internal/engine/deployer/health.go:190.25,199.3 3 1
github.com/Yogdunana/deploypilot/internal/engine/deployer/health.go:202.2,213.16 6 2
github.com/Yogdunana/deploypilot/internal/engine/deployer/health.go:213.16,220.3 1 0
github.com/Yogdunana/deploypilot/internal/engine/deployer/health.go:222.2,227.3 1 2
github.com/Yogdunana/deploypilot/internal/engine/deployer/health.go:230.100,233.16 3 2
github.com/Yogdunana/deploypilot/internal/engine/deployer/health.go:233.16,235.3 1 1
github.com/Yogdunana/deploypilot/internal/engine/deployer/health.go:236.2,236.26 1 1
github.com/Yogdunana/deploypilot/internal/engine/deployer/logs.go:30.46,35.2 1 9
github.com/Yogdunana/deploypilot/internal/engine/deployer/logs.go:38.48,40.2 1 18
github.com/Yogdunana/deploypilot/internal/engine/deployer/logs.go:43.49,46.15 3 62
github.com/Yogdunana/deploypilot/internal/engine/deployer/logs.go:46.15,48.3 1 1
github.com/Yogdunana/deploypilot/internal/engine/deployer/logs.go:49.2,49.9 1 61
github.com/Yogdunana/deploypilot/internal/engine/deployer/logs.go:50.27,51.14 1 61
github.com/Yogdunana/deploypilot/internal/engine/deployer/logs.go:52.17,53.15 1 0
github.com/Yogdunana/deploypilot/internal/engine/deployer/logs.go:58.30,61.15 3 8
github.com/Yogdunana/deploypilot/internal/engine/deployer/logs.go:61.15,63.3 1 0
github.com/Yogdunana/deploypilot/internal/engine/deployer/logs.go:64.2,66.19 3 8
github.com/Yogdunana/deploypilot/internal/engine/deployer/logs.go:75.56,77.2 1 2
github.com/Yogdunana/deploypilot/internal/engine/deployer/logs.go:80.106,83.16 3 2
github.com/Yogdunana/deploypilot/internal/engine/deployer/logs.go:83.16,85.3 1 0
github.com/Yogdunana/deploypilot/internal/engine/deployer/logs.go:87.2,87.50 1 2
github.com/Yogdunana/deploypilot/internal/engine/deployer/logs.go:92.101,98.16 3 0
github.com/Yogdunana/deploypilot/internal/engine/deployer/logs.go:98.16,100.3 1 0
github.com/Yogdunana/deploypilot/internal/engine/deployer/logs.go:102.2,103.29 2 0
github.com/Yogdunana/deploypilot/internal/engine/deployer/logs.go:103.29,104.17 1 0
github.com/Yogdunana/deploypilot/internal/engine/deployer/logs.go:104.17,105.12 1 0
github.com/Yogdunana/deploypilot/internal/engine/deployer/logs.go:107.3,113.27 2 0
github.com/Yogdunana/deploypilot/internal/engine/deployer/logs.go:113.27,114.9 1 0
github.com/Yogdunana/deploypilot/internal/engine/deployer/logs.go:118.2,118.12 1 0
github.com/Yogdunana/deploypilot/internal/engine/deployer/logs.go:123.131,124.37 1 2
github.com/Yogdunana/deploypilot/internal/engine/deployer/logs.go:124.37,125.10 1 4
github.com/Yogdunana/deploypilot/internal/engine/deployer/logs.go:126.21,127.10 1 1
github.com/Yogdunana/deploypilot/internal/engine/deployer/logs.go:128.22,129.10 1 0
github.com/Yogdunana/deploypilot/internal/engine/deployer/logs.go:130.11,130.11 0 3
github.com/Yogdunana/deploypilot/internal/engine/deployer/logs.go:133.3,140.27 2 3
github.com/Yogdunana/deploypilot/internal/engine/deployer/logs.go:140.27,142.4 1 0
github.com/Yogdunana/deploypilot/internal/engine/deployer/logs.go:144.3,144.26 1 3
github.com/Yogdunana/deploypilot/internal/engine/deployer/logs.go:144.26,146.4 1 2
github.com/Yogdunana/deploypilot/internal/engine/deployer/logs.go:151.71,156.6 4 5
github.com/Yogdunana/deploypilot/internal/engine/deployer/logs.go:156.6,157.10 1 15
github.com/Yogdunana/deploypilot/internal/engine/deployer/logs.go:158.40,159.11 1 12
github.com/Yogdunana/deploypilot/internal/engine/deployer/logs.go:159.11,161.5 1 2
github.com/Yogdunana/deploypilot/internal/engine/deployer/logs.go:162.4,162.36 1 10
github.com/Yogdunana/deploypilot/internal/engine/deployer/logs.go:163.18,164.18 1 3
github.com/Yogdunana/deploypilot/internal/engine/deployer/logs.go:170.79,172.32 2 3
github.com/Yogdunana/deploypilot/internal/engine/deployer/logs.go:172.32,173.23 1 10
github.com/Yogdunana/deploypilot/internal/engine/deployer/logs.go:173.23,175.4 1 4
github.com/Yogdunana/deploypilot/internal/engine/deployer/logs.go:177.2,177.17 1 3
github.com/Yogdunana/deploypilot/internal/engine/deployer/logs.go:181.62,182.51 1 2
github.com/Yogdunana/deploypilot/internal/engine/deployer/logs.go:182.51,184.3 1 6
github.com/Yogdunana/deploypilot/internal/engine/deployer/logs.go:188.44,190.32 2 1
github.com/Yogdunana/deploypilot/internal/engine/deployer/logs.go:190.32,195.3 1 2
github.com/Yogdunana/deploypilot/internal/engine/deployer/logs.go:196.2,196.20 1 1
github.com/Yogdunana/deploypilot/internal/engine/deployer/logs.go:206.67,208.2 1 1
github.com/Yogdunana/deploypilot/internal/engine/deployer/logs.go:211.57,213.21 2 1
github.com/Yogdunana/deploypilot/internal/engine/deployer/logs.go:213.21,215.17 2 3
github.com/Yogdunana/deploypilot/internal/engine/deployer/logs.go:215.17,216.12 1 0
github.com/Yogdunana/deploypilot/internal/engine/deployer/logs.go:218.3,223.5 1 3
github.com/Yogdunana/deploypilot/internal/engine/deployer/logs.go:225.2,225.20 1 1
github.com/Yogdunana/deploypilot/internal/engine/deployer/logs.go:229.61,232.21 3 2
github.com/Yogdunana/deploypilot/internal/engine/deployer/logs.go:232.21,234.17 2 3
github.com/Yogdunana/deploypilot/internal/engine/deployer/logs.go:234.17,235.12 1 0
github.com/Yogdunana/deploypilot/internal/engine/deployer/logs.go:237.3,242.5 1 3
github.com/Yogdunana/deploypilot/internal/engine/deployer/logs.go:244.2,244.16 1 2
github.com/Yogdunana/deploypilot/internal/engine/deployer/logs.go:248.39,252.2 2 3
